2024-05-23 09:30:27,425 [1] INFO  Microsoft.AspNetCore.DataProtection.KeyManagement.XmlKeyManager - User profile is available. Using 'C:\Users\ASUS\AppData\Local\ASP.NET\DataProtection-Keys' as key repository and Windows DPAPI to encrypt keys at rest.
2024-05-23 09:30:31,374 [.NET ThreadPool Worker] INFO  Microsoft.AspNetCore.Hosting.Diagnostics - Request starting HTTP/2 GET https://localhost:5001/swagger - -
2024-05-23 09:30:32,472 [9] INFO  Microsoft.AspNetCore.Hosting.Diagnostics - Request finished HTTP/2 GET https://localhost:5001/swagger - - - 301 0 - 1105.4130ms
2024-05-23 09:30:32,493 [.NET ThreadPool Worker] INFO  Microsoft.AspNetCore.Hosting.Diagnostics - Request starting HTTP/2 GET https://localhost:5001/swagger/index.html - -
2024-05-23 09:30:32,597 [8] INFO  Microsoft.AspNetCore.Hosting.Diagnostics - Request finished HTTP/2 GET https://localhost:5001/swagger/index.html - - - 200 - text/html;charset=utf-8 103.7856ms
2024-05-23 09:30:32,644 [.NET ThreadPool Worker] INFO  Microsoft.AspNetCore.Hosting.Diagnostics - Request starting HTTP/2 GET https://localhost:5001/swagger/swagger-ui.css - -
2024-05-23 09:30:32,644 [.NET ThreadPool Worker] INFO  Microsoft.AspNetCore.Hosting.Diagnostics - Request starting HTTP/2 GET https://localhost:5001/swagger/swagger-ui-bundle.js - -
2024-05-23 09:30:32,644 [.NET ThreadPool Worker] INFO  Microsoft.AspNetCore.Hosting.Diagnostics - Request starting HTTP/2 GET https://localhost:5001/swagger/swagger-ui-standalone-preset.js - -
2024-05-23 09:30:32,691 [.NET ThreadPool Worker] INFO  Microsoft.AspNetCore.StaticFiles.StaticFileMiddleware - Sending file. Request path: '/swagger-ui.css'. Physical path: 'N/A'
2024-05-23 09:30:32,691 [.NET ThreadPool Worker] INFO  Microsoft.AspNetCore.StaticFiles.StaticFileMiddleware - Sending file. Request path: '/swagger-ui-standalone-preset.js'. Physical path: 'N/A'
2024-05-23 09:30:32,694 [.NET ThreadPool Worker] INFO  Microsoft.AspNetCore.Hosting.Diagnostics - Request finished HTTP/2 GET https://localhost:5001/swagger/swagger-ui.css - - - 200 144929 text/css 50.2454ms
2024-05-23 09:30:32,694 [.NET ThreadPool Worker] INFO  Microsoft.AspNetCore.Hosting.Diagnostics - Request finished HTTP/2 GET https://localhost:5001/swagger/swagger-ui-standalone-preset.js - - - 200 312163 application/javascript 49.8361ms
2024-05-23 09:30:32,700 [.NET ThreadPool Worker] INFO  Microsoft.AspNetCore.Hosting.Diagnostics - Request starting HTTP/2 GET https://localhost:5001/_framework/aspnetcore-browser-refresh.js - -
2024-05-23 09:30:32,701 [.NET ThreadPool Worker] INFO  Microsoft.AspNetCore.StaticFiles.StaticFileMiddleware - Sending file. Request path: '/swagger-ui-bundle.js'. Physical path: 'N/A'
2024-05-23 09:30:32,702 [.NET ThreadPool Worker] INFO  Microsoft.AspNetCore.Hosting.Diagnostics - Request finished HTTP/2 GET https://localhost:5001/swagger/swagger-ui-bundle.js - - - 200 1061536 application/javascript 57.9190ms
2024-05-23 09:30:32,703 [.NET ThreadPool Worker] INFO  Microsoft.AspNetCore.Hosting.Diagnostics - Request finished HTTP/2 GET https://localhost:5001/_framework/aspnetcore-browser-refresh.js - - - 200 11984 application/javascript;+charset=utf-8 3.5695ms
2024-05-23 09:30:32,712 [.NET ThreadPool Worker] INFO  Microsoft.AspNetCore.Hosting.Diagnostics - Request starting HTTP/2 GET https://localhost:5001/_vs/browserLink - -
2024-05-23 09:30:32,878 [8] INFO  Microsoft.AspNetCore.Hosting.Diagnostics - Request finished HTTP/2 GET https://localhost:5001/_vs/browserLink - - - 200 - text/javascript;+charset=UTF-8 165.9609ms
2024-05-23 09:30:33,351 [.NET ThreadPool Worker] INFO  Microsoft.AspNetCore.Hosting.Diagnostics - Request starting HTTP/2 GET https://localhost:5001/swagger/v1/swagger.json - -
2024-05-23 09:30:33,598 [.NET ThreadPool Worker] INFO  Microsoft.AspNetCore.Hosting.Diagnostics - Request finished HTTP/2 GET https://localhost:5001/swagger/v1/swagger.json - - - 200 - application/json;charset=utf-8 247.3324ms
