2024-05-12 15:21:11,362 [1] INFO  Microsoft.AspNetCore.DataProtection.KeyManagement.XmlKeyManager - User profile is available. Using 'C:\Users\Admin\AppData\Local\ASP.NET\DataProtection-Keys' as key repository and Windows DPAPI to encrypt keys at rest.
2024-05-12 15:21:11,970 [.NET ThreadPool Worker] INFO  Microsoft.AspNetCore.Hosting.Diagnostics - Request starting HTTP/2 GET https://localhost:5001/swagger/index.html - -
2024-05-12 15:21:12,214 [.NET ThreadPool Worker] INFO  Microsoft.AspNetCore.Hosting.Diagnostics - Request finished HTTP/2 GET https://localhost:5001/swagger/index.html - - - 200 - text/html;charset=utf-8 246.1023ms
2024-05-12 15:21:12,246 [.NET ThreadPool Worker] INFO  Microsoft.AspNetCore.Hosting.Diagnostics - Request starting HTTP/2 GET https://localhost:5001/_framework/aspnetcore-browser-refresh.js - -
2024-05-12 15:21:12,248 [.NET ThreadPool Worker] INFO  Microsoft.AspNetCore.Hosting.Diagnostics - Request starting HTTP/2 GET https://localhost:5001/_vs/browserLink - -
2024-05-12 15:21:12,256 [.NET ThreadPool Worker] INFO  Microsoft.AspNetCore.Hosting.Diagnostics - Request finished HTTP/2 GET https://localhost:5001/_framework/aspnetcore-browser-refresh.js - - - 200 12346 application/javascript;+charset=utf-8 9.2658ms
2024-05-12 15:21:12,305 [18] INFO  Microsoft.AspNetCore.Hosting.Diagnostics - Request finished HTTP/2 GET https://localhost:5001/_vs/browserLink - - - 200 - text/javascript;+charset=UTF-8 58.8306ms
2024-05-12 15:21:12,430 [.NET ThreadPool Worker] INFO  Microsoft.AspNetCore.Hosting.Diagnostics - Request starting HTTP/2 GET https://localhost:5001/swagger/v1/swagger.json - -
2024-05-12 15:21:12,540 [.NET ThreadPool Worker] INFO  Microsoft.AspNetCore.Hosting.Diagnostics - Request finished HTTP/2 GET https://localhost:5001/swagger/v1/swagger.json - - - 200 - application/json;charset=utf-8 111.0462ms
2024-05-12 15:21:14,038 [.NET ThreadPool Worker] INFO  Microsoft.AspNetCore.Hosting.Diagnostics - Request starting HTTP/2 GET https://localhost:5001/service-worker.js - -
2024-05-12 15:21:14,116 [.NET ThreadPool Worker] INFO  Microsoft.AspNetCore.Hosting.Diagnostics - Request finished HTTP/2 GET https://localhost:5001/service-worker.js - - - 404 0 - 77.6189ms
2024-05-12 15:21:24,482 [.NET ThreadPool Worker] INFO  Microsoft.AspNetCore.Hosting.Diagnostics - Request starting HTTP/1.1 POST https://localhost:5001/v1/api/SP/Proc_Sanpham application/json;+charset=utf-8 17
2024-05-12 15:21:24,767 [.NET ThreadPool Worker] INFO  Microsoft.AspNetCore.Routing.EndpointMiddleware - Executing endpoint 'API.API.Controllers.SPController.Post_Proc_Sanpham (API.API)'
2024-05-12 15:21:24,804 [.NET ThreadPool Worker] INFO  Microsoft.AspNetCore.Mvc.Infrastructure.ControllerActionInvoker - Route matched with {action = "Post_Proc_Sanpham", controller = "SP"}. Executing controller action with signature Microsoft.AspNetCore.Mvc.ActionResult Post_Proc_Sanpham(API.Model.Proc_SanphamInputModel) on controller API.API.Controllers.SPController (API.API).
2024-05-12 15:21:25,374 [.NET ThreadPool Worker] INFO  Microsoft.AspNetCore.Mvc.Infrastructure.ControllerActionInvoker - Executing action method API.API.Controllers.SPController.Post_Proc_Sanpham (API.API) - Validation state: Valid
2024-05-12 15:21:25,499 [.NET ThreadPool Worker] INFO  Microsoft.AspNetCore.Mvc.Infrastructure.ControllerActionInvoker - Executed action method API.API.Controllers.SPController.Post_Proc_Sanpham (API.API), returned result Microsoft.AspNetCore.Mvc.ObjectResult in 110.9195ms.
2024-05-12 15:21:25,517 [.NET ThreadPool Worker] INFO  Microsoft.AspNetCore.Mvc.Infrastructure.ObjectResultExecutor - Executing ObjectResult, writing value of type 'API.Utility.APIResponse'.
2024-05-12 15:21:25,592 [.NET ThreadPool Worker] INFO  Microsoft.AspNetCore.Mvc.Infrastructure.ControllerActionInvoker - Executed action API.API.Controllers.SPController.Post_Proc_Sanpham (API.API) in 763.0675ms
2024-05-12 15:21:25,601 [.NET ThreadPool Worker] INFO  Microsoft.AspNetCore.Routing.EndpointMiddleware - Executed endpoint 'API.API.Controllers.SPController.Post_Proc_Sanpham (API.API)'
2024-05-12 15:21:25,616 [.NET ThreadPool Worker] INFO  Microsoft.AspNetCore.Hosting.Diagnostics - Request finished HTTP/1.1 POST https://localhost:5001/v1/api/SP/Proc_Sanpham application/json;+charset=utf-8 17 - 500 133 application/json;+charset=utf-8 1134.1954ms
2024-05-12 15:21:42,984 [.NET ThreadPool Worker] INFO  Microsoft.AspNetCore.Hosting.Diagnostics - Request starting HTTP/2 GET https://localhost:5001/service-worker.js - -
2024-05-12 15:21:42,987 [.NET ThreadPool Worker] INFO  Microsoft.AspNetCore.Hosting.Diagnostics - Request finished HTTP/2 GET https://localhost:5001/service-worker.js - - - 404 0 - 4.3717ms
2024-05-12 15:21:56,061 [.NET ThreadPool Worker] INFO  Microsoft.AspNetCore.Hosting.Diagnostics - Request starting HTTP/1.1 POST https://localhost:5001/v1/api/SP/Proc_Sanpham application/json;+charset=utf-8 17
2024-05-12 15:21:56,065 [.NET ThreadPool Worker] INFO  Microsoft.AspNetCore.Routing.EndpointMiddleware - Executing endpoint 'API.API.Controllers.SPController.Post_Proc_Sanpham (API.API)'
2024-05-12 15:21:56,067 [.NET ThreadPool Worker] INFO  Microsoft.AspNetCore.Mvc.Infrastructure.ControllerActionInvoker - Route matched with {action = "Post_Proc_Sanpham", controller = "SP"}. Executing controller action with signature Microsoft.AspNetCore.Mvc.ActionResult Post_Proc_Sanpham(API.Model.Proc_SanphamInputModel) on controller API.API.Controllers.SPController (API.API).
2024-05-12 15:21:56,111 [.NET ThreadPool Worker] INFO  Microsoft.AspNetCore.Mvc.Infrastructure.ControllerActionInvoker - Executing action method API.API.Controllers.SPController.Post_Proc_Sanpham (API.API) - Validation state: Valid
2024-05-12 15:21:56,136 [.NET ThreadPool Worker] INFO  Microsoft.AspNetCore.Mvc.Infrastructure.ControllerActionInvoker - Executed action method API.API.Controllers.SPController.Post_Proc_Sanpham (API.API), returned result Microsoft.AspNetCore.Mvc.ObjectResult in 22.9601ms.
2024-05-12 15:21:56,139 [.NET ThreadPool Worker] INFO  Microsoft.AspNetCore.Mvc.Infrastructure.ObjectResultExecutor - Executing ObjectResult, writing value of type 'API.Utility.APIResponse'.
2024-05-12 15:21:56,146 [.NET ThreadPool Worker] INFO  Microsoft.AspNetCore.Mvc.Infrastructure.ControllerActionInvoker - Executed action API.API.Controllers.SPController.Post_Proc_Sanpham (API.API) in 75.9516ms
2024-05-12 15:21:56,149 [.NET ThreadPool Worker] INFO  Microsoft.AspNetCore.Routing.EndpointMiddleware - Executed endpoint 'API.API.Controllers.SPController.Post_Proc_Sanpham (API.API)'
2024-05-12 15:21:56,155 [.NET ThreadPool Worker] INFO  Microsoft.AspNetCore.Hosting.Diagnostics - Request finished HTTP/1.1 POST https://localhost:5001/v1/api/SP/Proc_Sanpham application/json;+charset=utf-8 17 - 500 133 application/json;+charset=utf-8 94.2462ms
