2024-05-14 22:36:45,969 [1] INFO  Microsoft.AspNetCore.DataProtection.KeyManagement.XmlKeyManager - User profile is available. Using 'C:\Users\Admin\AppData\Local\ASP.NET\DataProtection-Keys' as key repository and Windows DPAPI to encrypt keys at rest.
2024-05-14 22:36:46,742 [.NET ThreadPool Worker] INFO  Microsoft.AspNetCore.Hosting.Diagnostics - Request starting HTTP/2 GET https://localhost:5001/swagger/index.html - -
2024-05-14 22:36:46,983 [.NET ThreadPool Worker] INFO  Microsoft.AspNetCore.Hosting.Diagnostics - Request finished HTTP/2 GET https://localhost:5001/swagger/index.html - - - 200 - text/html;charset=utf-8 245.1354ms
2024-05-14 22:36:47,023 [.NET ThreadPool Worker] INFO  Microsoft.AspNetCore.Hosting.Diagnostics - Request starting HTTP/2 GET https://localhost:5001/_vs/browserLink - -
2024-05-14 22:36:47,024 [.NET ThreadPool Worker] INFO  Microsoft.AspNetCore.Hosting.Diagnostics - Request starting HTTP/2 GET https://localhost:5001/_framework/aspnetcore-browser-refresh.js - -
2024-05-14 22:36:47,036 [.NET ThreadPool Worker] INFO  Microsoft.AspNetCore.Hosting.Diagnostics - Request finished HTTP/2 GET https://localhost:5001/_framework/aspnetcore-browser-refresh.js - - - 200 12346 application/javascript;+charset=utf-8 13.5028ms
2024-05-14 22:36:47,095 [7] INFO  Microsoft.AspNetCore.Hosting.Diagnostics - Request finished HTTP/2 GET https://localhost:5001/_vs/browserLink - - - 200 - text/javascript;+charset=UTF-8 71.8797ms
2024-05-14 22:36:47,204 [.NET ThreadPool Worker] INFO  Microsoft.AspNetCore.Hosting.Diagnostics - Request starting HTTP/2 GET https://localhost:5001/swagger/v1/swagger.json - -
2024-05-14 22:36:47,322 [.NET ThreadPool Worker] INFO  Microsoft.AspNetCore.Hosting.Diagnostics - Request finished HTTP/2 GET https://localhost:5001/swagger/v1/swagger.json - - - 200 - application/json;charset=utf-8 117.4551ms
2024-05-14 22:36:48,819 [.NET ThreadPool Worker] INFO  Microsoft.AspNetCore.Hosting.Diagnostics - Request starting HTTP/2 GET https://localhost:5001/service-worker.js - -
2024-05-14 22:36:48,901 [.NET ThreadPool Worker] INFO  Microsoft.AspNetCore.Hosting.Diagnostics - Request finished HTTP/2 GET https://localhost:5001/service-worker.js - - - 404 0 - 82.7112ms
2024-05-14 22:36:57,848 [.NET ThreadPool Worker] INFO  Microsoft.AspNetCore.Hosting.Diagnostics - Request starting HTTP/2 POST https://localhost:5001/v1/api/Token application/json-patch+json 51
2024-05-14 22:36:57,856 [.NET ThreadPool Worker] INFO  Microsoft.AspNetCore.Cors.Infrastructure.CorsService - CORS policy execution successful.
2024-05-14 22:36:57,863 [.NET ThreadPool Worker] INFO  Microsoft.AspNetCore.Routing.EndpointMiddleware - Executing endpoint 'API.API.Controllers.TokenController.Post (API.API)'
2024-05-14 22:36:57,887 [.NET ThreadPool Worker] INFO  Microsoft.AspNetCore.Mvc.Infrastructure.ControllerActionInvoker - Route matched with {action = "Post", controller = "Token"}. Executing controller action with signature Microsoft.AspNetCore.Mvc.ActionResult Post(API.Utility.AuthenticateModel) on controller API.API.Controllers.TokenController (API.API).
2024-05-14 22:36:58,070 [.NET ThreadPool Worker] INFO  Microsoft.AspNetCore.Mvc.Infrastructure.ControllerActionInvoker - Executing action method API.API.Controllers.TokenController.Post (API.API) - Validation state: Valid
2024-05-14 22:36:58,196 [.NET ThreadPool Worker] INFO  Microsoft.AspNetCore.Mvc.Infrastructure.ControllerActionInvoker - Executed action method API.API.Controllers.TokenController.Post (API.API), returned result Microsoft.AspNetCore.Mvc.OkObjectResult in 115.2763ms.
2024-05-14 22:36:58,209 [.NET ThreadPool Worker] INFO  Microsoft.AspNetCore.Mvc.Infrastructure.ObjectResultExecutor - Executing OkObjectResult, writing value of type 'API.Utility.APIResponse'.
2024-05-14 22:36:58,258 [.NET ThreadPool Worker] INFO  Microsoft.AspNetCore.Mvc.Infrastructure.ControllerActionInvoker - Executed action API.API.Controllers.TokenController.Post (API.API) in 360.8258ms
2024-05-14 22:36:58,261 [.NET ThreadPool Worker] INFO  Microsoft.AspNetCore.Routing.EndpointMiddleware - Executed endpoint 'API.API.Controllers.TokenController.Post (API.API)'
2024-05-14 22:36:58,267 [.NET ThreadPool Worker] INFO  Microsoft.AspNetCore.Hosting.Diagnostics - Request finished HTTP/2 POST https://localhost:5001/v1/api/Token application/json-patch+json 51 - 200 380 application/json;+charset=utf-8 419.1589ms
