2024-05-26 21:13:09,967 [.NET ThreadPool Worker] INFO  Microsoft.AspNetCore.Hosting.Diagnostics - Request starting HTTP/1.1 POST https://localhost:5001/v1/api/SP/Proc_Sanpham application/json;+charset=utf-8 17
2024-05-26 21:13:09,978 [.NET ThreadPool Worker] INFO  Microsoft.AspNetCore.Authentication.JwtBearer.JwtBearerHandler - Failed to validate the token.
Microsoft.IdentityModel.Tokens.SecurityTokenExpiredException: IDX10223: Lifetime validation failed. The token is expired. ValidTo: '5/26/2024 8:22:09 AM', Current time: '5/26/2024 2:13:09 PM'.
   at Microsoft.IdentityModel.Tokens.Validators.ValidateLifetime(Nullable`1 notBefore, Nullable`1 expires, SecurityToken securityToken, TokenValidationParameters validationParameters)
   at System.IdentityModel.Tokens.Jwt.JwtSecurityTokenHandler.ValidateTokenPayload(JwtSecurityToken jwtToken, TokenValidationParameters validationParameters, BaseConfiguration configuration)
   at System.IdentityModel.Tokens.Jwt.JwtSecurityTokenHandler.ValidateJWS(String token, TokenValidationParameters validationParameters, BaseConfiguration currentConfiguration, SecurityToken& signatureValidatedToken, ExceptionDispatchInfo& exceptionThrown)
--- End of stack trace from previous location ---
   at System.IdentityModel.Tokens.Jwt.JwtSecurityTokenHandler.ValidateToken(String token, JwtSecurityToken outerToken, TokenValidationParameters validationParameters, SecurityToken& signatureValidatedToken)
   at System.IdentityModel.Tokens.Jwt.JwtSecurityTokenHandler.ValidateToken(String token, TokenValidationParameters validationParameters, SecurityToken& validatedToken)
   at Microsoft.AspNetCore.Authentication.JwtBearer.JwtBearerHandler.HandleAuthenticateAsync()
2024-05-26 21:13:09,994 [.NET ThreadPool Worker] INFO  Microsoft.AspNetCore.Authentication.JwtBearer.JwtBearerHandler - Bearer was not authenticated. Failure message: IDX10223: Lifetime validation failed. The token is expired. ValidTo: '5/26/2024 8:22:09 AM', Current time: '5/26/2024 2:13:09 PM'.
2024-05-26 21:13:09,999 [.NET ThreadPool Worker] INFO  Microsoft.AspNetCore.Routing.EndpointMiddleware - Executing endpoint 'API.API.Controllers.SPController.Post_Proc_Sanpham (API.API)'
2024-05-26 21:13:10,006 [.NET ThreadPool Worker] INFO  Microsoft.AspNetCore.Mvc.Infrastructure.ControllerActionInvoker - Route matched with {action = "Post_Proc_Sanpham", controller = "SP"}. Executing controller action with signature Microsoft.AspNetCore.Mvc.ActionResult Post_Proc_Sanpham(API.Model.Proc_SanphamInputModel) on controller API.API.Controllers.SPController (API.API).
2024-05-26 21:13:10,029 [.NET ThreadPool Worker] INFO  Microsoft.AspNetCore.Mvc.Infrastructure.ObjectResultExecutor - Executing OkObjectResult, writing value of type 'API.Utility.APIResponse'.
2024-05-26 21:13:10,050 [.NET ThreadPool Worker] INFO  Microsoft.AspNetCore.Mvc.Infrastructure.ControllerActionInvoker - Executed action API.API.Controllers.SPController.Post_Proc_Sanpham (API.API) in 36.4165ms
2024-05-26 21:13:10,055 [.NET ThreadPool Worker] INFO  Microsoft.AspNetCore.Routing.EndpointMiddleware - Executed endpoint 'API.API.Controllers.SPController.Post_Proc_Sanpham (API.API)'
2024-05-26 21:13:10,064 [.NET ThreadPool Worker] INFO  Microsoft.AspNetCore.Hosting.Diagnostics - Request finished HTTP/1.1 POST https://localhost:5001/v1/api/SP/Proc_Sanpham application/json;+charset=utf-8 17 - 200 32054 application/json;+charset=utf-8 96.2732ms
2024-05-26 21:13:11,035 [.NET ThreadPool Worker] INFO  Microsoft.AspNetCore.Hosting.Diagnostics - Request starting HTTP/1.1 POST https://localhost:5001/v1/api/SP/Proc_Sanpham application/json;+charset=utf-8 17
2024-05-26 21:13:11,049 [.NET ThreadPool Worker] INFO  Microsoft.AspNetCore.Authentication.JwtBearer.JwtBearerHandler - Failed to validate the token.
Microsoft.IdentityModel.Tokens.SecurityTokenExpiredException: IDX10223: Lifetime validation failed. The token is expired. ValidTo: '5/26/2024 8:22:09 AM', Current time: '5/26/2024 2:13:11 PM'.
   at Microsoft.IdentityModel.Tokens.Validators.ValidateLifetime(Nullable`1 notBefore, Nullable`1 expires, SecurityToken securityToken, TokenValidationParameters validationParameters)
   at System.IdentityModel.Tokens.Jwt.JwtSecurityTokenHandler.ValidateTokenPayload(JwtSecurityToken jwtToken, TokenValidationParameters validationParameters, BaseConfiguration configuration)
   at System.IdentityModel.Tokens.Jwt.JwtSecurityTokenHandler.ValidateJWS(String token, TokenValidationParameters validationParameters, BaseConfiguration currentConfiguration, SecurityToken& signatureValidatedToken, ExceptionDispatchInfo& exceptionThrown)
--- End of stack trace from previous location ---
   at System.IdentityModel.Tokens.Jwt.JwtSecurityTokenHandler.ValidateToken(String token, JwtSecurityToken outerToken, TokenValidationParameters validationParameters, SecurityToken& signatureValidatedToken)
   at System.IdentityModel.Tokens.Jwt.JwtSecurityTokenHandler.ValidateToken(String token, TokenValidationParameters validationParameters, SecurityToken& validatedToken)
   at Microsoft.AspNetCore.Authentication.JwtBearer.JwtBearerHandler.HandleAuthenticateAsync()
2024-05-26 21:13:11,062 [.NET ThreadPool Worker] INFO  Microsoft.AspNetCore.Authentication.JwtBearer.JwtBearerHandler - Bearer was not authenticated. Failure message: IDX10223: Lifetime validation failed. The token is expired. ValidTo: '5/26/2024 8:22:09 AM', Current time: '5/26/2024 2:13:11 PM'.
2024-05-26 21:13:11,069 [.NET ThreadPool Worker] INFO  Microsoft.AspNetCore.Routing.EndpointMiddleware - Executing endpoint 'API.API.Controllers.SPController.Post_Proc_Sanpham (API.API)'
2024-05-26 21:13:11,076 [.NET ThreadPool Worker] INFO  Microsoft.AspNetCore.Mvc.Infrastructure.ControllerActionInvoker - Route matched with {action = "Post_Proc_Sanpham", controller = "SP"}. Executing controller action with signature Microsoft.AspNetCore.Mvc.ActionResult Post_Proc_Sanpham(API.Model.Proc_SanphamInputModel) on controller API.API.Controllers.SPController (API.API).
2024-05-26 21:13:11,098 [.NET ThreadPool Worker] INFO  Microsoft.AspNetCore.Mvc.Infrastructure.ObjectResultExecutor - Executing OkObjectResult, writing value of type 'API.Utility.APIResponse'.
2024-05-26 21:13:11,119 [.NET ThreadPool Worker] INFO  Microsoft.AspNetCore.Mvc.Infrastructure.ControllerActionInvoker - Executed action API.API.Controllers.SPController.Post_Proc_Sanpham (API.API) in 34.3885ms
2024-05-26 21:13:11,131 [.NET ThreadPool Worker] INFO  Microsoft.AspNetCore.Routing.EndpointMiddleware - Executed endpoint 'API.API.Controllers.SPController.Post_Proc_Sanpham (API.API)'
2024-05-26 21:13:11,146 [.NET ThreadPool Worker] INFO  Microsoft.AspNetCore.Hosting.Diagnostics - Request finished HTTP/1.1 POST https://localhost:5001/v1/api/SP/Proc_Sanpham application/json;+charset=utf-8 17 - 200 32054 application/json;+charset=utf-8 105.7072ms
2024-05-26 21:13:15,897 [.NET ThreadPool Worker] INFO  Microsoft.AspNetCore.Hosting.Diagnostics - Request starting HTTP/1.1 POST https://localhost:5001/v1/api/SP/Proc_Sanpham application/json;+charset=utf-8 17
2024-05-26 21:13:15,912 [.NET ThreadPool Worker] INFO  Microsoft.AspNetCore.Authentication.JwtBearer.JwtBearerHandler - Failed to validate the token.
Microsoft.IdentityModel.Tokens.SecurityTokenExpiredException: IDX10223: Lifetime validation failed. The token is expired. ValidTo: '5/26/2024 8:22:09 AM', Current time: '5/26/2024 2:13:15 PM'.
   at Microsoft.IdentityModel.Tokens.Validators.ValidateLifetime(Nullable`1 notBefore, Nullable`1 expires, SecurityToken securityToken, TokenValidationParameters validationParameters)
   at System.IdentityModel.Tokens.Jwt.JwtSecurityTokenHandler.ValidateTokenPayload(JwtSecurityToken jwtToken, TokenValidationParameters validationParameters, BaseConfiguration configuration)
   at System.IdentityModel.Tokens.Jwt.JwtSecurityTokenHandler.ValidateJWS(String token, TokenValidationParameters validationParameters, BaseConfiguration currentConfiguration, SecurityToken& signatureValidatedToken, ExceptionDispatchInfo& exceptionThrown)
--- End of stack trace from previous location ---
   at System.IdentityModel.Tokens.Jwt.JwtSecurityTokenHandler.ValidateToken(String token, JwtSecurityToken outerToken, TokenValidationParameters validationParameters, SecurityToken& signatureValidatedToken)
   at System.IdentityModel.Tokens.Jwt.JwtSecurityTokenHandler.ValidateToken(String token, TokenValidationParameters validationParameters, SecurityToken& validatedToken)
   at Microsoft.AspNetCore.Authentication.JwtBearer.JwtBearerHandler.HandleAuthenticateAsync()
2024-05-26 21:13:15,927 [.NET ThreadPool Worker] INFO  Microsoft.AspNetCore.Authentication.JwtBearer.JwtBearerHandler - Bearer was not authenticated. Failure message: IDX10223: Lifetime validation failed. The token is expired. ValidTo: '5/26/2024 8:22:09 AM', Current time: '5/26/2024 2:13:15 PM'.
2024-05-26 21:13:15,935 [.NET ThreadPool Worker] INFO  Microsoft.AspNetCore.Routing.EndpointMiddleware - Executing endpoint 'API.API.Controllers.SPController.Post_Proc_Sanpham (API.API)'
2024-05-26 21:13:15,945 [.NET ThreadPool Worker] INFO  Microsoft.AspNetCore.Mvc.Infrastructure.ControllerActionInvoker - Route matched with {action = "Post_Proc_Sanpham", controller = "SP"}. Executing controller action with signature Microsoft.AspNetCore.Mvc.ActionResult Post_Proc_Sanpham(API.Model.Proc_SanphamInputModel) on controller API.API.Controllers.SPController (API.API).
2024-05-26 21:13:15,966 [.NET ThreadPool Worker] INFO  Microsoft.AspNetCore.Mvc.Infrastructure.ObjectResultExecutor - Executing OkObjectResult, writing value of type 'API.Utility.APIResponse'.
2024-05-26 21:13:16,000 [.NET ThreadPool Worker] INFO  Microsoft.AspNetCore.Mvc.Infrastructure.ControllerActionInvoker - Executed action API.API.Controllers.SPController.Post_Proc_Sanpham (API.API) in 40.8434ms
2024-05-26 21:13:16,015 [.NET ThreadPool Worker] INFO  Microsoft.AspNetCore.Routing.EndpointMiddleware - Executed endpoint 'API.API.Controllers.SPController.Post_Proc_Sanpham (API.API)'
2024-05-26 21:13:16,064 [.NET ThreadPool Worker] INFO  Microsoft.AspNetCore.Hosting.Diagnostics - Request finished HTTP/1.1 POST https://localhost:5001/v1/api/SP/Proc_Sanpham application/json;+charset=utf-8 17 - 200 32054 application/json;+charset=utf-8 158.0565ms
