2024-05-28 21:52:16,477 [.NET ThreadPool Worker] INFO  Microsoft.AspNetCore.Hosting.Diagnostics - Request starting HTTP/1.1 POST https://localhost:5001/v1/api/SP/Proc_Sanpham application/json;+charset=utf-8 17
2024-05-28 21:52:16,485 [.NET ThreadPool Worker] INFO  Microsoft.AspNetCore.Authentication.JwtBearer.JwtBearerHandler - Failed to validate the token.
Microsoft.IdentityModel.Tokens.SecurityTokenExpiredException: IDX10223: Lifetime validation failed. The token is expired. ValidTo: '26/05/2024 8:22:09 AM', Current time: '28/05/2024 2:52:16 PM'.
   at Microsoft.IdentityModel.Tokens.Validators.ValidateLifetime(Nullable`1 notBefore, Nullable`1 expires, SecurityToken securityToken, TokenValidationParameters validationParameters)
   at System.IdentityModel.Tokens.Jwt.JwtSecurityTokenHandler.ValidateLifetime(Nullable`1 notBefore, Nullable`1 expires, JwtSecurityToken jwtToken, TokenValidationParameters validationParameters)
   at System.IdentityModel.Tokens.Jwt.JwtSecurityTokenHandler.ValidateTokenPayload(JwtSecurityToken jwtToken, TokenValidationParameters validationParameters, BaseConfiguration configuration)
   at System.IdentityModel.Tokens.Jwt.JwtSecurityTokenHandler.ValidateJWS(String token, TokenValidationParameters validationParameters, BaseConfiguration currentConfiguration, SecurityToken& signatureValidatedToken, ExceptionDispatchInfo& exceptionThrown)
--- End of stack trace from previous location ---
   at System.IdentityModel.Tokens.Jwt.JwtSecurityTokenHandler.ValidateToken(String token, JwtSecurityToken outerToken, TokenValidationParameters validationParameters, SecurityToken& signatureValidatedToken)
   at System.IdentityModel.Tokens.Jwt.JwtSecurityTokenHandler.ValidateToken(String token, TokenValidationParameters validationParameters, SecurityToken& validatedToken)
   at Microsoft.AspNetCore.Authentication.JwtBearer.JwtBearerHandler.HandleAuthenticateAsync()
2024-05-28 21:52:16,486 [.NET ThreadPool Worker] INFO  Microsoft.AspNetCore.Authentication.JwtBearer.JwtBearerHandler - Bearer was not authenticated. Failure message: IDX10223: Lifetime validation failed. The token is expired. ValidTo: '26/05/2024 8:22:09 AM', Current time: '28/05/2024 2:52:16 PM'.
2024-05-28 21:52:16,486 [.NET ThreadPool Worker] INFO  Microsoft.AspNetCore.Routing.EndpointMiddleware - Executing endpoint 'API.API.Controllers.SPController.Post_Proc_Sanpham (API.API)'
2024-05-28 21:52:16,486 [.NET ThreadPool Worker] INFO  Microsoft.AspNetCore.Mvc.Infrastructure.ControllerActionInvoker - Route matched with {action = "Post_Proc_Sanpham", controller = "SP"}. Executing controller action with signature Microsoft.AspNetCore.Mvc.ActionResult Post_Proc_Sanpham(API.Model.Proc_SanphamInputModel) on controller API.API.Controllers.SPController (API.API).
2024-05-28 21:52:16,507 [.NET ThreadPool Worker] INFO  Microsoft.AspNetCore.Mvc.Infrastructure.ObjectResultExecutor - Executing OkObjectResult, writing value of type 'API.Utility.APIResponse'.
2024-05-28 21:52:16,510 [.NET ThreadPool Worker] INFO  Microsoft.AspNetCore.Mvc.Infrastructure.ControllerActionInvoker - Executed action API.API.Controllers.SPController.Post_Proc_Sanpham (API.API) in 24.0227ms
2024-05-28 21:52:16,511 [.NET ThreadPool Worker] INFO  Microsoft.AspNetCore.Routing.EndpointMiddleware - Executed endpoint 'API.API.Controllers.SPController.Post_Proc_Sanpham (API.API)'
2024-05-28 21:52:16,512 [.NET ThreadPool Worker] INFO  Microsoft.AspNetCore.Hosting.Diagnostics - Request finished HTTP/1.1 POST https://localhost:5001/v1/api/SP/Proc_Sanpham application/json;+charset=utf-8 17 - 200 25285 application/json;+charset=utf-8 35.9259ms
2024-05-28 21:52:22,251 [.NET ThreadPool Worker] INFO  Microsoft.AspNetCore.Hosting.Diagnostics - Request starting HTTP/1.1 POST https://localhost:5001/v1/api/SP/Proc_DetailSP application/json;+charset=utf-8 22
2024-05-28 21:52:22,254 [.NET ThreadPool Worker] INFO  Microsoft.AspNetCore.Authentication.JwtBearer.JwtBearerHandler - Failed to validate the token.
Microsoft.IdentityModel.Tokens.SecurityTokenExpiredException: IDX10223: Lifetime validation failed. The token is expired. ValidTo: '26/05/2024 8:22:09 AM', Current time: '28/05/2024 2:52:22 PM'.
   at Microsoft.IdentityModel.Tokens.Validators.ValidateLifetime(Nullable`1 notBefore, Nullable`1 expires, SecurityToken securityToken, TokenValidationParameters validationParameters)
   at System.IdentityModel.Tokens.Jwt.JwtSecurityTokenHandler.ValidateLifetime(Nullable`1 notBefore, Nullable`1 expires, JwtSecurityToken jwtToken, TokenValidationParameters validationParameters)
   at System.IdentityModel.Tokens.Jwt.JwtSecurityTokenHandler.ValidateTokenPayload(JwtSecurityToken jwtToken, TokenValidationParameters validationParameters, BaseConfiguration configuration)
   at System.IdentityModel.Tokens.Jwt.JwtSecurityTokenHandler.ValidateJWS(String token, TokenValidationParameters validationParameters, BaseConfiguration currentConfiguration, SecurityToken& signatureValidatedToken, ExceptionDispatchInfo& exceptionThrown)
--- End of stack trace from previous location ---
   at System.IdentityModel.Tokens.Jwt.JwtSecurityTokenHandler.ValidateToken(String token, JwtSecurityToken outerToken, TokenValidationParameters validationParameters, SecurityToken& signatureValidatedToken)
   at System.IdentityModel.Tokens.Jwt.JwtSecurityTokenHandler.ValidateToken(String token, TokenValidationParameters validationParameters, SecurityToken& validatedToken)
   at Microsoft.AspNetCore.Authentication.JwtBearer.JwtBearerHandler.HandleAuthenticateAsync()
2024-05-28 21:52:22,254 [.NET ThreadPool Worker] INFO  Microsoft.AspNetCore.Authentication.JwtBearer.JwtBearerHandler - Bearer was not authenticated. Failure message: IDX10223: Lifetime validation failed. The token is expired. ValidTo: '26/05/2024 8:22:09 AM', Current time: '28/05/2024 2:52:22 PM'.
2024-05-28 21:52:22,255 [.NET ThreadPool Worker] INFO  Microsoft.AspNetCore.Routing.EndpointMiddleware - Executing endpoint 'API.API.Controllers.SPController.Post_Proc_SanphamCT (API.API)'
2024-05-28 21:52:22,255 [.NET ThreadPool Worker] INFO  Microsoft.AspNetCore.Mvc.Infrastructure.ControllerActionInvoker - Route matched with {action = "Post_Proc_SanphamCT", controller = "SP"}. Executing controller action with signature Microsoft.AspNetCore.Mvc.ActionResult Post_Proc_SanphamCT(API.Model.Proc_SanphamCTInputModel) on controller API.API.Controllers.SPController (API.API).
2024-05-28 21:52:22,287 [.NET ThreadPool Worker] INFO  Microsoft.AspNetCore.Mvc.Infrastructure.ObjectResultExecutor - Executing OkObjectResult, writing value of type 'API.Utility.APIResponse'.
2024-05-28 21:52:22,288 [.NET ThreadPool Worker] INFO  Microsoft.AspNetCore.Mvc.Infrastructure.ControllerActionInvoker - Executed action API.API.Controllers.SPController.Post_Proc_SanphamCT (API.API) in 32.5244ms
2024-05-28 21:52:22,288 [.NET ThreadPool Worker] INFO  Microsoft.AspNetCore.Routing.EndpointMiddleware - Executed endpoint 'API.API.Controllers.SPController.Post_Proc_SanphamCT (API.API)'
2024-05-28 21:52:22,288 [.NET ThreadPool Worker] INFO  Microsoft.AspNetCore.Hosting.Diagnostics - Request finished HTTP/1.1 POST https://localhost:5001/v1/api/SP/Proc_DetailSP application/json;+charset=utf-8 22 - 200 939 application/json;+charset=utf-8 37.5886ms
2024-05-28 21:52:24,334 [.NET ThreadPool Worker] INFO  Microsoft.AspNetCore.Hosting.Diagnostics - Request starting HTTP/1.1 POST https://localhost:5001/v1/api/SP/Proc_DetailSP application/json;+charset=utf-8 22
2024-05-28 21:52:24,335 [.NET ThreadPool Worker] INFO  Microsoft.AspNetCore.Authentication.JwtBearer.JwtBearerHandler - Failed to validate the token.
Microsoft.IdentityModel.Tokens.SecurityTokenExpiredException: IDX10223: Lifetime validation failed. The token is expired. ValidTo: '26/05/2024 8:22:09 AM', Current time: '28/05/2024 2:52:24 PM'.
   at Microsoft.IdentityModel.Tokens.Validators.ValidateLifetime(Nullable`1 notBefore, Nullable`1 expires, SecurityToken securityToken, TokenValidationParameters validationParameters)
   at System.IdentityModel.Tokens.Jwt.JwtSecurityTokenHandler.ValidateLifetime(Nullable`1 notBefore, Nullable`1 expires, JwtSecurityToken jwtToken, TokenValidationParameters validationParameters)
   at System.IdentityModel.Tokens.Jwt.JwtSecurityTokenHandler.ValidateTokenPayload(JwtSecurityToken jwtToken, TokenValidationParameters validationParameters, BaseConfiguration configuration)
   at System.IdentityModel.Tokens.Jwt.JwtSecurityTokenHandler.ValidateJWS(String token, TokenValidationParameters validationParameters, BaseConfiguration currentConfiguration, SecurityToken& signatureValidatedToken, ExceptionDispatchInfo& exceptionThrown)
--- End of stack trace from previous location ---
   at System.IdentityModel.Tokens.Jwt.JwtSecurityTokenHandler.ValidateToken(String token, JwtSecurityToken outerToken, TokenValidationParameters validationParameters, SecurityToken& signatureValidatedToken)
   at System.IdentityModel.Tokens.Jwt.JwtSecurityTokenHandler.ValidateToken(String token, TokenValidationParameters validationParameters, SecurityToken& validatedToken)
   at Microsoft.AspNetCore.Authentication.JwtBearer.JwtBearerHandler.HandleAuthenticateAsync()
2024-05-28 21:52:24,335 [.NET ThreadPool Worker] INFO  Microsoft.AspNetCore.Authentication.JwtBearer.JwtBearerHandler - Bearer was not authenticated. Failure message: IDX10223: Lifetime validation failed. The token is expired. ValidTo: '26/05/2024 8:22:09 AM', Current time: '28/05/2024 2:52:24 PM'.
2024-05-28 21:52:24,335 [.NET ThreadPool Worker] INFO  Microsoft.AspNetCore.Routing.EndpointMiddleware - Executing endpoint 'API.API.Controllers.SPController.Post_Proc_SanphamCT (API.API)'
2024-05-28 21:52:24,335 [.NET ThreadPool Worker] INFO  Microsoft.AspNetCore.Mvc.Infrastructure.ControllerActionInvoker - Route matched with {action = "Post_Proc_SanphamCT", controller = "SP"}. Executing controller action with signature Microsoft.AspNetCore.Mvc.ActionResult Post_Proc_SanphamCT(API.Model.Proc_SanphamCTInputModel) on controller API.API.Controllers.SPController (API.API).
2024-05-28 21:52:24,347 [.NET ThreadPool Worker] INFO  Microsoft.AspNetCore.Mvc.Infrastructure.ObjectResultExecutor - Executing OkObjectResult, writing value of type 'API.Utility.APIResponse'.
2024-05-28 21:52:24,348 [.NET ThreadPool Worker] INFO  Microsoft.AspNetCore.Mvc.Infrastructure.ControllerActionInvoker - Executed action API.API.Controllers.SPController.Post_Proc_SanphamCT (API.API) in 12.6837ms
2024-05-28 21:52:24,348 [.NET ThreadPool Worker] INFO  Microsoft.AspNetCore.Routing.EndpointMiddleware - Executed endpoint 'API.API.Controllers.SPController.Post_Proc_SanphamCT (API.API)'
2024-05-28 21:52:24,348 [.NET ThreadPool Worker] INFO  Microsoft.AspNetCore.Hosting.Diagnostics - Request finished HTTP/1.1 POST https://localhost:5001/v1/api/SP/Proc_DetailSP application/json;+charset=utf-8 22 - 200 939 application/json;+charset=utf-8 14.3258ms
2024-05-28 21:52:45,164 [.NET ThreadPool Worker] INFO  Microsoft.AspNetCore.Hosting.Diagnostics - Request starting HTTP/1.1 POST https://localhost:5001/v1/api/SP/Proc_Sanpham application/json;+charset=utf-8 16
2024-05-28 21:52:45,166 [.NET ThreadPool Worker] INFO  Microsoft.AspNetCore.Authentication.JwtBearer.JwtBearerHandler - Failed to validate the token.
Microsoft.IdentityModel.Tokens.SecurityTokenExpiredException: IDX10223: Lifetime validation failed. The token is expired. ValidTo: '26/05/2024 8:22:09 AM', Current time: '28/05/2024 2:52:45 PM'.
   at Microsoft.IdentityModel.Tokens.Validators.ValidateLifetime(Nullable`1 notBefore, Nullable`1 expires, SecurityToken securityToken, TokenValidationParameters validationParameters)
   at System.IdentityModel.Tokens.Jwt.JwtSecurityTokenHandler.ValidateLifetime(Nullable`1 notBefore, Nullable`1 expires, JwtSecurityToken jwtToken, TokenValidationParameters validationParameters)
   at System.IdentityModel.Tokens.Jwt.JwtSecurityTokenHandler.ValidateTokenPayload(JwtSecurityToken jwtToken, TokenValidationParameters validationParameters, BaseConfiguration configuration)
   at System.IdentityModel.Tokens.Jwt.JwtSecurityTokenHandler.ValidateJWS(String token, TokenValidationParameters validationParameters, BaseConfiguration currentConfiguration, SecurityToken& signatureValidatedToken, ExceptionDispatchInfo& exceptionThrown)
--- End of stack trace from previous location ---
   at System.IdentityModel.Tokens.Jwt.JwtSecurityTokenHandler.ValidateToken(String token, JwtSecurityToken outerToken, TokenValidationParameters validationParameters, SecurityToken& signatureValidatedToken)
   at System.IdentityModel.Tokens.Jwt.JwtSecurityTokenHandler.ValidateToken(String token, TokenValidationParameters validationParameters, SecurityToken& validatedToken)
   at Microsoft.AspNetCore.Authentication.JwtBearer.JwtBearerHandler.HandleAuthenticateAsync()
2024-05-28 21:52:45,166 [.NET ThreadPool Worker] INFO  Microsoft.AspNetCore.Authentication.JwtBearer.JwtBearerHandler - Bearer was not authenticated. Failure message: IDX10223: Lifetime validation failed. The token is expired. ValidTo: '26/05/2024 8:22:09 AM', Current time: '28/05/2024 2:52:45 PM'.
2024-05-28 21:52:45,167 [.NET ThreadPool Worker] INFO  Microsoft.AspNetCore.Routing.EndpointMiddleware - Executing endpoint 'API.API.Controllers.SPController.Post_Proc_Sanpham (API.API)'
2024-05-28 21:52:45,167 [.NET ThreadPool Worker] INFO  Microsoft.AspNetCore.Mvc.Infrastructure.ControllerActionInvoker - Route matched with {action = "Post_Proc_Sanpham", controller = "SP"}. Executing controller action with signature Microsoft.AspNetCore.Mvc.ActionResult Post_Proc_Sanpham(API.Model.Proc_SanphamInputModel) on controller API.API.Controllers.SPController (API.API).
2024-05-28 21:52:45,189 [.NET ThreadPool Worker] INFO  Microsoft.AspNetCore.Mvc.Infrastructure.ObjectResultExecutor - Executing OkObjectResult, writing value of type 'API.Utility.APIResponse'.
2024-05-28 21:52:45,249 [.NET ThreadPool Worker] INFO  Microsoft.AspNetCore.Mvc.Infrastructure.ControllerActionInvoker - Executed action API.API.Controllers.SPController.Post_Proc_Sanpham (API.API) in 81.7974ms
2024-05-28 21:52:45,249 [.NET ThreadPool Worker] INFO  Microsoft.AspNetCore.Routing.EndpointMiddleware - Executed endpoint 'API.API.Controllers.SPController.Post_Proc_Sanpham (API.API)'
2024-05-28 21:52:45,249 [.NET ThreadPool Worker] INFO  Microsoft.AspNetCore.Hosting.Diagnostics - Request finished HTTP/1.1 POST https://localhost:5001/v1/api/SP/Proc_Sanpham application/json;+charset=utf-8 16 - 200 138231 application/json;+charset=utf-8 85.1032ms
2024-05-28 21:52:53,101 [.NET ThreadPool Worker] INFO  Microsoft.AspNetCore.Hosting.Diagnostics - Request starting HTTP/1.1 POST https://localhost:5001/v1/api/SP/Proc_Sanpham application/json;+charset=utf-8 17
2024-05-28 21:52:53,103 [.NET ThreadPool Worker] INFO  Microsoft.AspNetCore.Authentication.JwtBearer.JwtBearerHandler - Failed to validate the token.
Microsoft.IdentityModel.Tokens.SecurityTokenExpiredException: IDX10223: Lifetime validation failed. The token is expired. ValidTo: '26/05/2024 8:22:09 AM', Current time: '28/05/2024 2:52:53 PM'.
   at Microsoft.IdentityModel.Tokens.Validators.ValidateLifetime(Nullable`1 notBefore, Nullable`1 expires, SecurityToken securityToken, TokenValidationParameters validationParameters)
   at System.IdentityModel.Tokens.Jwt.JwtSecurityTokenHandler.ValidateLifetime(Nullable`1 notBefore, Nullable`1 expires, JwtSecurityToken jwtToken, TokenValidationParameters validationParameters)
   at System.IdentityModel.Tokens.Jwt.JwtSecurityTokenHandler.ValidateTokenPayload(JwtSecurityToken jwtToken, TokenValidationParameters validationParameters, BaseConfiguration configuration)
   at System.IdentityModel.Tokens.Jwt.JwtSecurityTokenHandler.ValidateJWS(String token, TokenValidationParameters validationParameters, BaseConfiguration currentConfiguration, SecurityToken& signatureValidatedToken, ExceptionDispatchInfo& exceptionThrown)
--- End of stack trace from previous location ---
   at System.IdentityModel.Tokens.Jwt.JwtSecurityTokenHandler.ValidateToken(String token, JwtSecurityToken outerToken, TokenValidationParameters validationParameters, SecurityToken& signatureValidatedToken)
   at System.IdentityModel.Tokens.Jwt.JwtSecurityTokenHandler.ValidateToken(String token, TokenValidationParameters validationParameters, SecurityToken& validatedToken)
   at Microsoft.AspNetCore.Authentication.JwtBearer.JwtBearerHandler.HandleAuthenticateAsync()
2024-05-28 21:52:53,104 [.NET ThreadPool Worker] INFO  Microsoft.AspNetCore.Authentication.JwtBearer.JwtBearerHandler - Bearer was not authenticated. Failure message: IDX10223: Lifetime validation failed. The token is expired. ValidTo: '26/05/2024 8:22:09 AM', Current time: '28/05/2024 2:52:53 PM'.
2024-05-28 21:52:53,104 [.NET ThreadPool Worker] INFO  Microsoft.AspNetCore.Routing.EndpointMiddleware - Executing endpoint 'API.API.Controllers.SPController.Post_Proc_Sanpham (API.API)'
2024-05-28 21:52:53,105 [.NET ThreadPool Worker] INFO  Microsoft.AspNetCore.Mvc.Infrastructure.ControllerActionInvoker - Route matched with {action = "Post_Proc_Sanpham", controller = "SP"}. Executing controller action with signature Microsoft.AspNetCore.Mvc.ActionResult Post_Proc_Sanpham(API.Model.Proc_SanphamInputModel) on controller API.API.Controllers.SPController (API.API).
2024-05-28 21:52:53,124 [.NET ThreadPool Worker] INFO  Microsoft.AspNetCore.Mvc.Infrastructure.ObjectResultExecutor - Executing OkObjectResult, writing value of type 'API.Utility.APIResponse'.
2024-05-28 21:52:53,172 [.NET ThreadPool Worker] INFO  Microsoft.AspNetCore.Mvc.Infrastructure.ControllerActionInvoker - Executed action API.API.Controllers.SPController.Post_Proc_Sanpham (API.API) in 67.3286ms
2024-05-28 21:52:53,173 [.NET ThreadPool Worker] INFO  Microsoft.AspNetCore.Routing.EndpointMiddleware - Executed endpoint 'API.API.Controllers.SPController.Post_Proc_Sanpham (API.API)'
2024-05-28 21:52:53,174 [.NET ThreadPool Worker] INFO  Microsoft.AspNetCore.Hosting.Diagnostics - Request finished HTTP/1.1 POST https://localhost:5001/v1/api/SP/Proc_Sanpham application/json;+charset=utf-8 17 - 200 33711 application/json;+charset=utf-8 73.4838ms
2024-05-28 21:52:55,976 [.NET ThreadPool Worker] INFO  Microsoft.AspNetCore.Hosting.Diagnostics - Request starting HTTP/1.1 POST https://localhost:5001/v1/api/SP/Proc_Sanpham application/json;+charset=utf-8 17
2024-05-28 21:52:55,979 [.NET ThreadPool Worker] INFO  Microsoft.AspNetCore.Authentication.JwtBearer.JwtBearerHandler - Failed to validate the token.
Microsoft.IdentityModel.Tokens.SecurityTokenExpiredException: IDX10223: Lifetime validation failed. The token is expired. ValidTo: '26/05/2024 8:22:09 AM', Current time: '28/05/2024 2:52:55 PM'.
   at Microsoft.IdentityModel.Tokens.Validators.ValidateLifetime(Nullable`1 notBefore, Nullable`1 expires, SecurityToken securityToken, TokenValidationParameters validationParameters)
   at System.IdentityModel.Tokens.Jwt.JwtSecurityTokenHandler.ValidateLifetime(Nullable`1 notBefore, Nullable`1 expires, JwtSecurityToken jwtToken, TokenValidationParameters validationParameters)
   at System.IdentityModel.Tokens.Jwt.JwtSecurityTokenHandler.ValidateTokenPayload(JwtSecurityToken jwtToken, TokenValidationParameters validationParameters, BaseConfiguration configuration)
   at System.IdentityModel.Tokens.Jwt.JwtSecurityTokenHandler.ValidateJWS(String token, TokenValidationParameters validationParameters, BaseConfiguration currentConfiguration, SecurityToken& signatureValidatedToken, ExceptionDispatchInfo& exceptionThrown)
--- End of stack trace from previous location ---
   at System.IdentityModel.Tokens.Jwt.JwtSecurityTokenHandler.ValidateToken(String token, JwtSecurityToken outerToken, TokenValidationParameters validationParameters, SecurityToken& signatureValidatedToken)
   at System.IdentityModel.Tokens.Jwt.JwtSecurityTokenHandler.ValidateToken(String token, TokenValidationParameters validationParameters, SecurityToken& validatedToken)
   at Microsoft.AspNetCore.Authentication.JwtBearer.JwtBearerHandler.HandleAuthenticateAsync()
2024-05-28 21:52:55,980 [.NET ThreadPool Worker] INFO  Microsoft.AspNetCore.Authentication.JwtBearer.JwtBearerHandler - Bearer was not authenticated. Failure message: IDX10223: Lifetime validation failed. The token is expired. ValidTo: '26/05/2024 8:22:09 AM', Current time: '28/05/2024 2:52:55 PM'.
2024-05-28 21:52:55,980 [.NET ThreadPool Worker] INFO  Microsoft.AspNetCore.Routing.EndpointMiddleware - Executing endpoint 'API.API.Controllers.SPController.Post_Proc_Sanpham (API.API)'
2024-05-28 21:52:55,980 [.NET ThreadPool Worker] INFO  Microsoft.AspNetCore.Mvc.Infrastructure.ControllerActionInvoker - Route matched with {action = "Post_Proc_Sanpham", controller = "SP"}. Executing controller action with signature Microsoft.AspNetCore.Mvc.ActionResult Post_Proc_Sanpham(API.Model.Proc_SanphamInputModel) on controller API.API.Controllers.SPController (API.API).
2024-05-28 21:52:55,984 [.NET ThreadPool Worker] INFO  Microsoft.AspNetCore.Mvc.Infrastructure.ObjectResultExecutor - Executing OkObjectResult, writing value of type 'API.Utility.APIResponse'.
2024-05-28 21:52:55,999 [.NET ThreadPool Worker] INFO  Microsoft.AspNetCore.Mvc.Infrastructure.ControllerActionInvoker - Executed action API.API.Controllers.SPController.Post_Proc_Sanpham (API.API) in 18.8401ms
2024-05-28 21:52:56,000 [.NET ThreadPool Worker] INFO  Microsoft.AspNetCore.Routing.EndpointMiddleware - Executed endpoint 'API.API.Controllers.SPController.Post_Proc_Sanpham (API.API)'
2024-05-28 21:52:56,000 [.NET ThreadPool Worker] INFO  Microsoft.AspNetCore.Hosting.Diagnostics - Request finished HTTP/1.1 POST https://localhost:5001/v1/api/SP/Proc_Sanpham application/json;+charset=utf-8 17 - 200 33711 application/json;+charset=utf-8 24.1917ms
