2024-05-17 20:31:26,885 [.NET ThreadPool Worker] INFO  Microsoft.AspNetCore.Hosting.Diagnostics - Request starting HTTP/1.1 POST https://localhost:5001/v1/api/SP/Proc_ShopingCart application/json;+charset=utf-8 82
2024-05-17 20:31:26,887 [.NET ThreadPool Worker] INFO  Microsoft.AspNetCore.Routing.EndpointMiddleware - Executing endpoint 'API.API.Controllers.SPController.Post_Sp_ShopingCart (API.API)'
2024-05-17 20:31:26,888 [.NET ThreadPool Worker] INFO  Microsoft.AspNetCore.Mvc.Infrastructure.ControllerActionInvoker - Route matched with {action = "Post_Sp_ShopingCart", controller = "SP"}. Executing controller action with signature Microsoft.AspNetCore.Mvc.ActionResult Post_Sp_ShopingCart(API.Model.Sp_ShopingCartInputModel) on controller API.API.Controllers.SPController (API.API).
2024-05-17 20:31:26,903 [.NET ThreadPool Worker] INFO  Microsoft.AspNetCore.Mvc.Infrastructure.ObjectResultExecutor - Executing OkObjectResult, writing value of type 'API.Utility.APIResponse'.
2024-05-17 20:31:26,904 [.NET ThreadPool Worker] INFO  Microsoft.AspNetCore.Mvc.Infrastructure.ControllerActionInvoker - Executed action API.API.Controllers.SPController.Post_Sp_ShopingCart (API.API) in 16.0182ms
2024-05-17 20:31:26,904 [.NET ThreadPool Worker] INFO  Microsoft.AspNetCore.Routing.EndpointMiddleware - Executed endpoint 'API.API.Controllers.SPController.Post_Sp_ShopingCart (API.API)'
2024-05-17 20:31:26,904 [.NET ThreadPool Worker] INFO  Microsoft.AspNetCore.Hosting.Diagnostics - Request finished HTTP/1.1 POST https://localhost:5001/v1/api/SP/Proc_ShopingCart application/json;+charset=utf-8 82 - 200 63 application/json;+charset=utf-8 19.5336ms
2024-05-17 20:31:26,913 [.NET ThreadPool Worker] INFO  Microsoft.AspNetCore.Hosting.Diagnostics - Request starting HTTP/1.1 POST https://localhost:5001/v1/api/SP/Proc_ShopingCart application/json;+charset=utf-8 76
2024-05-17 20:31:26,914 [.NET ThreadPool Worker] INFO  Microsoft.AspNetCore.Routing.EndpointMiddleware - Executing endpoint 'API.API.Controllers.SPController.Post_Sp_ShopingCart (API.API)'
2024-05-17 20:31:26,915 [.NET ThreadPool Worker] INFO  Microsoft.AspNetCore.Mvc.Infrastructure.ControllerActionInvoker - Route matched with {action = "Post_Sp_ShopingCart", controller = "SP"}. Executing controller action with signature Microsoft.AspNetCore.Mvc.ActionResult Post_Sp_ShopingCart(API.Model.Sp_ShopingCartInputModel) on controller API.API.Controllers.SPController (API.API).
2024-05-17 20:31:26,929 [.NET ThreadPool Worker] INFO  Microsoft.AspNetCore.Mvc.Infrastructure.ObjectResultExecutor - Executing OkObjectResult, writing value of type 'API.Utility.APIResponse'.
2024-05-17 20:31:26,929 [.NET ThreadPool Worker] INFO  Microsoft.AspNetCore.Mvc.Infrastructure.ControllerActionInvoker - Executed action API.API.Controllers.SPController.Post_Sp_ShopingCart (API.API) in 11.7328ms
2024-05-17 20:31:26,929 [.NET ThreadPool Worker] INFO  Microsoft.AspNetCore.Routing.EndpointMiddleware - Executed endpoint 'API.API.Controllers.SPController.Post_Sp_ShopingCart (API.API)'
2024-05-17 20:31:26,929 [.NET ThreadPool Worker] INFO  Microsoft.AspNetCore.Hosting.Diagnostics - Request finished HTTP/1.1 POST https://localhost:5001/v1/api/SP/Proc_ShopingCart application/json;+charset=utf-8 76 - 200 63 application/json;+charset=utf-8 16.3153ms
2024-05-17 20:31:26,933 [.NET ThreadPool Worker] INFO  Microsoft.AspNetCore.Hosting.Diagnostics - Request starting HTTP/1.1 POST https://localhost:5001/v1/api/SP/Proc_ShopingCart application/json;+charset=utf-8 86
2024-05-17 20:31:26,935 [.NET ThreadPool Worker] INFO  Microsoft.AspNetCore.Routing.EndpointMiddleware - Executing endpoint 'API.API.Controllers.SPController.Post_Sp_ShopingCart (API.API)'
2024-05-17 20:31:26,935 [.NET ThreadPool Worker] INFO  Microsoft.AspNetCore.Mvc.Infrastructure.ControllerActionInvoker - Route matched with {action = "Post_Sp_ShopingCart", controller = "SP"}. Executing controller action with signature Microsoft.AspNetCore.Mvc.ActionResult Post_Sp_ShopingCart(API.Model.Sp_ShopingCartInputModel) on controller API.API.Controllers.SPController (API.API).
2024-05-17 20:31:26,941 [.NET ThreadPool Worker] INFO  Microsoft.AspNetCore.Mvc.Infrastructure.ObjectResultExecutor - Executing OkObjectResult, writing value of type 'API.Utility.APIResponse'.
2024-05-17 20:31:26,941 [.NET ThreadPool Worker] INFO  Microsoft.AspNetCore.Mvc.Infrastructure.ControllerActionInvoker - Executed action API.API.Controllers.SPController.Post_Sp_ShopingCart (API.API) in 5.953ms
2024-05-17 20:31:26,941 [.NET ThreadPool Worker] INFO  Microsoft.AspNetCore.Routing.EndpointMiddleware - Executed endpoint 'API.API.Controllers.SPController.Post_Sp_ShopingCart (API.API)'
2024-05-17 20:31:26,941 [.NET ThreadPool Worker] INFO  Microsoft.AspNetCore.Hosting.Diagnostics - Request finished HTTP/1.1 POST https://localhost:5001/v1/api/SP/Proc_ShopingCart application/json;+charset=utf-8 86 - 200 63 application/json;+charset=utf-8 7.8938ms
