2024-05-26 20:35:21,442 [.NET ThreadPool Worker] INFO  Microsoft.AspNetCore.Hosting.Diagnostics - Request starting HTTP/2 POST https://localhost:5001/v1/api/SP/Sp_Login application/json-patch+json 40
2024-05-26 20:35:21,453 [.NET ThreadPool Worker] INFO  Microsoft.AspNetCore.Cors.Infrastructure.CorsService - CORS policy execution successful.
2024-05-26 20:35:21,457 [.NET ThreadPool Worker] INFO  Microsoft.AspNetCore.Authorization.DefaultAuthorizationService - Authorization failed. These requirements were not met:
DenyAnonymousAuthorizationRequirement: Requires an authenticated user.
2024-05-26 20:35:21,457 [.NET ThreadPool Worker] INFO  Microsoft.AspNetCore.Authentication.JwtBearer.JwtBearerHandler - AuthenticationScheme: Bearer was challenged.
2024-05-26 20:35:21,460 [.NET ThreadPool Worker] INFO  Microsoft.AspNetCore.Hosting.Diagnostics - Request finished HTTP/2 POST https://localhost:5001/v1/api/SP/Sp_Login application/json-patch+json 40 - 401 0 - 17.8583ms
2024-05-26 20:35:24,822 [.NET ThreadPool Worker] INFO  Microsoft.AspNetCore.Hosting.Diagnostics - Request starting HTTP/2 POST https://localhost:5001/v1/api/SP/Sp_Login application/json-patch+json 40
2024-05-26 20:35:24,823 [.NET ThreadPool Worker] INFO  Microsoft.AspNetCore.Cors.Infrastructure.CorsService - CORS policy execution successful.
2024-05-26 20:35:24,823 [.NET ThreadPool Worker] INFO  Microsoft.AspNetCore.Authorization.DefaultAuthorizationService - Authorization failed. These requirements were not met:
DenyAnonymousAuthorizationRequirement: Requires an authenticated user.
2024-05-26 20:35:24,823 [.NET ThreadPool Worker] INFO  Microsoft.AspNetCore.Authentication.JwtBearer.JwtBearerHandler - AuthenticationScheme: Bearer was challenged.
2024-05-26 20:35:24,824 [.NET ThreadPool Worker] INFO  Microsoft.AspNetCore.Hosting.Diagnostics - Request finished HTTP/2 POST https://localhost:5001/v1/api/SP/Sp_Login application/json-patch+json 40 - 401 0 - 1.3511ms
2024-05-26 20:35:24,891 [.NET ThreadPool Worker] INFO  Microsoft.AspNetCore.Hosting.Diagnostics - Request starting HTTP/2 POST https://localhost:5001/v1/api/SP/Sp_Login application/json-patch+json 40
2024-05-26 20:35:24,892 [.NET ThreadPool Worker] INFO  Microsoft.AspNetCore.Cors.Infrastructure.CorsService - CORS policy execution successful.
2024-05-26 20:35:24,892 [.NET ThreadPool Worker] INFO  Microsoft.AspNetCore.Authorization.DefaultAuthorizationService - Authorization failed. These requirements were not met:
DenyAnonymousAuthorizationRequirement: Requires an authenticated user.
2024-05-26 20:35:24,892 [.NET ThreadPool Worker] INFO  Microsoft.AspNetCore.Authentication.JwtBearer.JwtBearerHandler - AuthenticationScheme: Bearer was challenged.
2024-05-26 20:35:24,892 [.NET ThreadPool Worker] INFO  Microsoft.AspNetCore.Hosting.Diagnostics - Request finished HTTP/2 POST https://localhost:5001/v1/api/SP/Sp_Login application/json-patch+json 40 - 401 0 - 0.6989ms
2024-05-26 20:35:25,381 [.NET ThreadPool Worker] INFO  Microsoft.AspNetCore.Hosting.Diagnostics - Request starting HTTP/2 POST https://localhost:5001/v1/api/SP/Sp_Login application/json-patch+json 40
2024-05-26 20:35:25,381 [.NET ThreadPool Worker] INFO  Microsoft.AspNetCore.Cors.Infrastructure.CorsService - CORS policy execution successful.
2024-05-26 20:35:25,381 [.NET ThreadPool Worker] INFO  Microsoft.AspNetCore.Authorization.DefaultAuthorizationService - Authorization failed. These requirements were not met:
DenyAnonymousAuthorizationRequirement: Requires an authenticated user.
2024-05-26 20:35:25,381 [.NET ThreadPool Worker] INFO  Microsoft.AspNetCore.Authentication.JwtBearer.JwtBearerHandler - AuthenticationScheme: Bearer was challenged.
2024-05-26 20:35:25,382 [.NET ThreadPool Worker] INFO  Microsoft.AspNetCore.Hosting.Diagnostics - Request finished HTTP/2 POST https://localhost:5001/v1/api/SP/Sp_Login application/json-patch+json 40 - 401 0 - 0.7921ms
2024-05-26 20:35:46,353 [.NET ThreadPool Worker] INFO  Microsoft.AspNetCore.Hosting.Diagnostics - Request starting HTTP/2 POST https://localhost:5001/v1/api/Token application/json-patch+json 40
2024-05-26 20:35:46,354 [.NET ThreadPool Worker] INFO  Microsoft.AspNetCore.Cors.Infrastructure.CorsService - CORS policy execution successful.
2024-05-26 20:35:46,356 [.NET ThreadPool Worker] INFO  Microsoft.AspNetCore.Routing.EndpointMiddleware - Executing endpoint 'API.API.Controllers.TokenController.Post (API.API)'
2024-05-26 20:35:46,388 [.NET ThreadPool Worker] INFO  Microsoft.AspNetCore.Mvc.Infrastructure.ControllerActionInvoker - Route matched with {action = "Post", controller = "Token"}. Executing controller action with signature Microsoft.AspNetCore.Mvc.ActionResult Post(API.Utility.AuthenticateModel) on controller API.API.Controllers.TokenController (API.API).
2024-05-26 20:35:46,496 [.NET ThreadPool Worker] INFO  Microsoft.AspNetCore.Mvc.Infrastructure.ObjectResultExecutor - Executing ObjectResult, writing value of type 'API.Utility.APIResponse'.
2024-05-26 20:35:46,539 [.NET ThreadPool Worker] INFO  Microsoft.AspNetCore.Mvc.Infrastructure.ControllerActionInvoker - Executed action API.API.Controllers.TokenController.Post (API.API) in 141.8546ms
2024-05-26 20:35:46,539 [.NET ThreadPool Worker] INFO  Microsoft.AspNetCore.Routing.EndpointMiddleware - Executed endpoint 'API.API.Controllers.TokenController.Post (API.API)'
2024-05-26 20:35:46,539 [.NET ThreadPool Worker] INFO  Microsoft.AspNetCore.Hosting.Diagnostics - Request finished HTTP/2 POST https://localhost:5001/v1/api/Token application/json-patch+json 40 - 401 54 application/json;+charset=utf-8 185.9332ms
