2024-05-18 07:24:52,503 [.NET ThreadPool Worker] INFO  Microsoft.AspNetCore.Hosting.Diagnostics - Request starting HTTP/1.1 POST https://localhost:5001/v1/api/SP/Proc_ShopingCart application/json;+charset=utf-8 86
2024-05-18 07:24:52,514 [.NET ThreadPool Worker] INFO  Microsoft.AspNetCore.Routing.EndpointMiddleware - Executing endpoint 'API.API.Controllers.SPController.Post_Sp_ShopingCart (API.API)'
2024-05-18 07:24:52,529 [.NET ThreadPool Worker] INFO  Microsoft.AspNetCore.Mvc.Infrastructure.ControllerActionInvoker - Route matched with {action = "Post_Sp_ShopingCart", controller = "SP"}. Executing controller action with signature Microsoft.AspNetCore.Mvc.ActionResult Post_Sp_ShopingCart(API.Model.Sp_ShopingCartInputModel) on controller API.API.Controllers.SPController (API.API).
2024-05-18 07:24:52,685 [.NET ThreadPool Worker] INFO  Microsoft.AspNetCore.Mvc.Infrastructure.ObjectResultExecutor - Executing OkObjectResult, writing value of type 'API.Utility.APIResponse'.
2024-05-18 07:24:52,732 [.NET ThreadPool Worker] INFO  Microsoft.AspNetCore.Mvc.Infrastructure.ControllerActionInvoker - Executed action API.API.Controllers.SPController.Post_Sp_ShopingCart (API.API) in 174.622ms
2024-05-18 07:24:52,747 [.NET ThreadPool Worker] INFO  Microsoft.AspNetCore.Routing.EndpointMiddleware - Executed endpoint 'API.API.Controllers.SPController.Post_Sp_ShopingCart (API.API)'
2024-05-18 07:24:52,776 [.NET ThreadPool Worker] INFO  Microsoft.AspNetCore.Hosting.Diagnostics - Request finished HTTP/1.1 POST https://localhost:5001/v1/api/SP/Proc_ShopingCart application/json;+charset=utf-8 86 - 200 63 application/json;+charset=utf-8 263.0769ms
2024-05-18 07:24:52,815 [.NET ThreadPool Worker] INFO  Microsoft.AspNetCore.Hosting.Diagnostics - Request starting HTTP/1.1 POST https://localhost:5001/v1/api/SP/Proc_ShopingCart application/json;+charset=utf-8 82
2024-05-18 07:24:52,825 [.NET ThreadPool Worker] INFO  Microsoft.AspNetCore.Routing.EndpointMiddleware - Executing endpoint 'API.API.Controllers.SPController.Post_Sp_ShopingCart (API.API)'
2024-05-18 07:24:52,835 [.NET ThreadPool Worker] INFO  Microsoft.AspNetCore.Mvc.Infrastructure.ControllerActionInvoker - Route matched with {action = "Post_Sp_ShopingCart", controller = "SP"}. Executing controller action with signature Microsoft.AspNetCore.Mvc.ActionResult Post_Sp_ShopingCart(API.Model.Sp_ShopingCartInputModel) on controller API.API.Controllers.SPController (API.API).
2024-05-18 07:24:52,874 [.NET ThreadPool Worker] INFO  Microsoft.AspNetCore.Mvc.Infrastructure.ObjectResultExecutor - Executing OkObjectResult, writing value of type 'API.Utility.APIResponse'.
2024-05-18 07:24:52,881 [.NET ThreadPool Worker] INFO  Microsoft.AspNetCore.Mvc.Infrastructure.ControllerActionInvoker - Executed action API.API.Controllers.SPController.Post_Sp_ShopingCart (API.API) in 38.3104ms
2024-05-18 07:24:52,891 [.NET ThreadPool Worker] INFO  Microsoft.AspNetCore.Routing.EndpointMiddleware - Executed endpoint 'API.API.Controllers.SPController.Post_Sp_ShopingCart (API.API)'
2024-05-18 07:24:52,903 [.NET ThreadPool Worker] INFO  Microsoft.AspNetCore.Hosting.Diagnostics - Request finished HTTP/1.1 POST https://localhost:5001/v1/api/SP/Proc_ShopingCart application/json;+charset=utf-8 82 - 200 63 application/json;+charset=utf-8 106.5503ms
2024-05-18 07:24:52,918 [.NET ThreadPool Worker] INFO  Microsoft.AspNetCore.Hosting.Diagnostics - Request starting HTTP/1.1 POST https://localhost:5001/v1/api/SP/Proc_ShopingCart application/json;+charset=utf-8 86
2024-05-18 07:24:52,930 [.NET ThreadPool Worker] INFO  Microsoft.AspNetCore.Routing.EndpointMiddleware - Executing endpoint 'API.API.Controllers.SPController.Post_Sp_ShopingCart (API.API)'
2024-05-18 07:24:52,949 [.NET ThreadPool Worker] INFO  Microsoft.AspNetCore.Mvc.Infrastructure.ControllerActionInvoker - Route matched with {action = "Post_Sp_ShopingCart", controller = "SP"}. Executing controller action with signature Microsoft.AspNetCore.Mvc.ActionResult Post_Sp_ShopingCart(API.Model.Sp_ShopingCartInputModel) on controller API.API.Controllers.SPController (API.API).
2024-05-18 07:24:52,990 [.NET ThreadPool Worker] INFO  Microsoft.AspNetCore.Mvc.Infrastructure.ObjectResultExecutor - Executing OkObjectResult, writing value of type 'API.Utility.APIResponse'.
2024-05-18 07:24:53,002 [.NET ThreadPool Worker] INFO  Microsoft.AspNetCore.Mvc.Infrastructure.ControllerActionInvoker - Executed action API.API.Controllers.SPController.Post_Sp_ShopingCart (API.API) in 40.6844ms
2024-05-18 07:24:53,010 [.NET ThreadPool Worker] INFO  Microsoft.AspNetCore.Routing.EndpointMiddleware - Executed endpoint 'API.API.Controllers.SPController.Post_Sp_ShopingCart (API.API)'
2024-05-18 07:24:53,020 [.NET ThreadPool Worker] INFO  Microsoft.AspNetCore.Hosting.Diagnostics - Request finished HTTP/1.1 POST https://localhost:5001/v1/api/SP/Proc_ShopingCart application/json;+charset=utf-8 86 - 200 63 application/json;+charset=utf-8 114.3520ms
