2024-05-25 10:16:09,415 [.NET ThreadPool Worker] INFO  Microsoft.AspNetCore.Hosting.Diagnostics - Request starting HTTP/1.1 POST https://localhost:5001/v1/api/SP/Proc_DetailSP application/json;+charset=utf-8 28
2024-05-25 10:16:09,419 [.NET ThreadPool Worker] INFO  Microsoft.AspNetCore.Routing.EndpointMiddleware - Executing endpoint 'API.API.Controllers.SPController.Post_Proc_SanphamCT (API.API)'
2024-05-25 10:16:09,428 [.NET ThreadPool Worker] INFO  Microsoft.AspNetCore.Mvc.Infrastructure.ControllerActionInvoker - Route matched with {action = "Post_Proc_SanphamCT", controller = "SP"}. Executing controller action with signature Microsoft.AspNetCore.Mvc.ActionResult Post_Proc_SanphamCT(API.Model.Proc_SanphamCTInputModel) on controller API.API.Controllers.SPController (API.API).
2024-05-25 10:16:09,554 [.NET ThreadPool Worker] INFO  Microsoft.AspNetCore.Mvc.Infrastructure.ObjectResultExecutor - Executing OkObjectResult, writing value of type 'API.Utility.APIResponse'.
2024-05-25 10:16:09,583 [.NET ThreadPool Worker] INFO  Microsoft.AspNetCore.Mvc.Infrastructure.ControllerActionInvoker - Executed action API.API.Controllers.SPController.Post_Proc_SanphamCT (API.API) in 154.1419ms
2024-05-25 10:16:09,583 [.NET ThreadPool Worker] INFO  Microsoft.AspNetCore.Routing.EndpointMiddleware - Executed endpoint 'API.API.Controllers.SPController.Post_Proc_SanphamCT (API.API)'
2024-05-25 10:16:09,586 [.NET ThreadPool Worker] INFO  Microsoft.AspNetCore.Hosting.Diagnostics - Request finished HTTP/1.1 POST https://localhost:5001/v1/api/SP/Proc_DetailSP application/json;+charset=utf-8 28 - 200 1025 application/json;+charset=utf-8 170.5659ms
2024-05-25 10:16:14,255 [.NET ThreadPool Worker] INFO  Microsoft.AspNetCore.Hosting.Diagnostics - Request starting HTTP/1.1 POST https://localhost:5001/v1/api/SP/Proc_DetailSP application/json;+charset=utf-8 28
2024-05-25 10:16:14,258 [.NET ThreadPool Worker] INFO  Microsoft.AspNetCore.Routing.EndpointMiddleware - Executing endpoint 'API.API.Controllers.SPController.Post_Proc_SanphamCT (API.API)'
2024-05-25 10:16:14,259 [.NET ThreadPool Worker] INFO  Microsoft.AspNetCore.Mvc.Infrastructure.ControllerActionInvoker - Route matched with {action = "Post_Proc_SanphamCT", controller = "SP"}. Executing controller action with signature Microsoft.AspNetCore.Mvc.ActionResult Post_Proc_SanphamCT(API.Model.Proc_SanphamCTInputModel) on controller API.API.Controllers.SPController (API.API).
2024-05-25 10:16:14,288 [.NET ThreadPool Worker] INFO  Microsoft.AspNetCore.Mvc.Infrastructure.ObjectResultExecutor - Executing OkObjectResult, writing value of type 'API.Utility.APIResponse'.
2024-05-25 10:16:14,293 [.NET ThreadPool Worker] INFO  Microsoft.AspNetCore.Mvc.Infrastructure.ControllerActionInvoker - Executed action API.API.Controllers.SPController.Post_Proc_SanphamCT (API.API) in 33.5849ms
2024-05-25 10:16:14,295 [.NET ThreadPool Worker] INFO  Microsoft.AspNetCore.Routing.EndpointMiddleware - Executed endpoint 'API.API.Controllers.SPController.Post_Proc_SanphamCT (API.API)'
2024-05-25 10:16:14,296 [.NET ThreadPool Worker] INFO  Microsoft.AspNetCore.Hosting.Diagnostics - Request finished HTTP/1.1 POST https://localhost:5001/v1/api/SP/Proc_DetailSP application/json;+charset=utf-8 28 - 200 1025 application/json;+charset=utf-8 40.5176ms
2024-05-25 10:16:14,741 [.NET ThreadPool Worker] INFO  Microsoft.AspNetCore.Hosting.Diagnostics - Request starting HTTP/1.1 POST https://localhost:5001/v1/api/SP/Proc_DetailSP application/json;+charset=utf-8 28
2024-05-25 10:16:14,743 [.NET ThreadPool Worker] INFO  Microsoft.AspNetCore.Routing.EndpointMiddleware - Executing endpoint 'API.API.Controllers.SPController.Post_Proc_SanphamCT (API.API)'
2024-05-25 10:16:14,743 [.NET ThreadPool Worker] INFO  Microsoft.AspNetCore.Mvc.Infrastructure.ControllerActionInvoker - Route matched with {action = "Post_Proc_SanphamCT", controller = "SP"}. Executing controller action with signature Microsoft.AspNetCore.Mvc.ActionResult Post_Proc_SanphamCT(API.Model.Proc_SanphamCTInputModel) on controller API.API.Controllers.SPController (API.API).
2024-05-25 10:16:14,753 [.NET ThreadPool Worker] INFO  Microsoft.AspNetCore.Mvc.Infrastructure.ObjectResultExecutor - Executing OkObjectResult, writing value of type 'API.Utility.APIResponse'.
2024-05-25 10:16:14,754 [.NET ThreadPool Worker] INFO  Microsoft.AspNetCore.Mvc.Infrastructure.ControllerActionInvoker - Executed action API.API.Controllers.SPController.Post_Proc_SanphamCT (API.API) in 9.9213ms
2024-05-25 10:16:14,754 [.NET ThreadPool Worker] INFO  Microsoft.AspNetCore.Routing.EndpointMiddleware - Executed endpoint 'API.API.Controllers.SPController.Post_Proc_SanphamCT (API.API)'
2024-05-25 10:16:14,755 [.NET ThreadPool Worker] INFO  Microsoft.AspNetCore.Hosting.Diagnostics - Request finished HTTP/1.1 POST https://localhost:5001/v1/api/SP/Proc_DetailSP application/json;+charset=utf-8 28 - 200 1025 application/json;+charset=utf-8 13.7659ms
