2024-05-16 09:34:34,688 [1] INFO  Microsoft.AspNetCore.DataProtection.KeyManagement.XmlKeyManager - User profile is available. Using 'C:\Users\DELL\AppData\Local\ASP.NET\DataProtection-Keys' as key repository and Windows DPAPI to encrypt keys at rest.
2024-05-16 09:34:42,695 [.NET ThreadPool Worker] INFO  Microsoft.AspNetCore.Hosting.Diagnostics - Request starting HTTP/2 GET https://localhost:5001/swagger - -
2024-05-16 09:34:43,685 [8] INFO  Microsoft.AspNetCore.Hosting.Diagnostics - Request finished HTTP/2 GET https://localhost:5001/swagger - - - 301 0 - 970.7598ms
2024-05-16 09:34:43,709 [.NET ThreadPool Worker] INFO  Microsoft.AspNetCore.Hosting.Diagnostics - Request starting HTTP/2 GET https://localhost:5001/swagger/index.html - -
2024-05-16 09:34:43,955 [.NET ThreadPool Worker] INFO  Microsoft.AspNetCore.Hosting.Diagnostics - Request finished HTTP/2 GET https://localhost:5001/swagger/index.html - - - 200 - text/html;charset=utf-8 194.2701ms
2024-05-16 09:34:44,051 [.NET ThreadPool Worker] INFO  Microsoft.AspNetCore.Hosting.Diagnostics - Request starting HTTP/2 GET https://localhost:5001/swagger/swagger-ui.css - -
2024-05-16 09:34:44,057 [.NET ThreadPool Worker] INFO  Microsoft.AspNetCore.Hosting.Diagnostics - Request starting HTTP/2 GET https://localhost:5001/swagger/swagger-ui-standalone-preset.js - -
2024-05-16 09:34:44,054 [.NET ThreadPool Worker] INFO  Microsoft.AspNetCore.Hosting.Diagnostics - Request starting HTTP/2 GET https://localhost:5001/swagger/swagger-ui-bundle.js - -
2024-05-16 09:34:44,176 [.NET ThreadPool Worker] INFO  Microsoft.AspNetCore.StaticFiles.StaticFileMiddleware - Sending file. Request path: '/swagger-ui-bundle.js'. Physical path: 'N/A'
2024-05-16 09:34:44,176 [.NET ThreadPool Worker] INFO  Microsoft.AspNetCore.StaticFiles.StaticFileMiddleware - Sending file. Request path: '/swagger-ui.css'. Physical path: 'N/A'
2024-05-16 09:34:44,176 [.NET ThreadPool Worker] INFO  Microsoft.AspNetCore.StaticFiles.StaticFileMiddleware - Sending file. Request path: '/swagger-ui-standalone-preset.js'. Physical path: 'N/A'
2024-05-16 09:34:44,213 [.NET ThreadPool Worker] INFO  Microsoft.AspNetCore.Hosting.Diagnostics - Request finished HTTP/2 GET https://localhost:5001/swagger/swagger-ui-bundle.js - - - 200 1061536 application/javascript 148.0323ms
2024-05-16 09:34:44,234 [.NET ThreadPool Worker] INFO  Microsoft.AspNetCore.Hosting.Diagnostics - Request finished HTTP/2 GET https://localhost:5001/swagger/swagger-ui.css - - - 200 144929 text/css 148.1733ms
2024-05-16 09:34:44,251 [.NET ThreadPool Worker] INFO  Microsoft.AspNetCore.Hosting.Diagnostics - Request finished HTTP/2 GET https://localhost:5001/swagger/swagger-ui-standalone-preset.js - - - 200 312163 application/javascript 146.2625ms
2024-05-16 09:34:44,288 [.NET ThreadPool Worker] INFO  Microsoft.AspNetCore.Hosting.Diagnostics - Request starting HTTP/2 GET https://localhost:5001/_framework/aspnetcore-browser-refresh.js - -
2024-05-16 09:34:44,312 [.NET ThreadPool Worker] INFO  Microsoft.AspNetCore.Hosting.Diagnostics - Request finished HTTP/2 GET https://localhost:5001/_framework/aspnetcore-browser-refresh.js - - - 200 13750 application/javascript;+charset=utf-8 23.1055ms
2024-05-16 09:34:44,327 [.NET ThreadPool Worker] INFO  Microsoft.AspNetCore.Hosting.Diagnostics - Request starting HTTP/2 GET https://localhost:5001/_vs/browserLink - -
2024-05-16 09:34:44,676 [.NET ThreadPool Worker] INFO  Microsoft.AspNetCore.Hosting.Diagnostics - Request finished HTTP/2 GET https://localhost:5001/_vs/browserLink - - - 200 - text/javascript;+charset=UTF-8 349.9879ms
2024-05-16 09:34:45,176 [.NET ThreadPool Worker] INFO  Microsoft.AspNetCore.Hosting.Diagnostics - Request starting HTTP/2 GET https://localhost:5001/swagger/v1/swagger.json - -
2024-05-16 09:34:45,270 [.NET ThreadPool Worker] INFO  Microsoft.AspNetCore.Hosting.Diagnostics - Request starting HTTP/2 GET https://localhost:5001/swagger/favicon-32x32.png - -
2024-05-16 09:34:45,290 [.NET ThreadPool Worker] INFO  Microsoft.AspNetCore.StaticFiles.StaticFileMiddleware - Sending file. Request path: '/favicon-32x32.png'. Physical path: 'N/A'
2024-05-16 09:34:45,304 [.NET ThreadPool Worker] INFO  Microsoft.AspNetCore.Hosting.Diagnostics - Request finished HTTP/2 GET https://localhost:5001/swagger/favicon-32x32.png - - - 200 628 image/png 38.2120ms
2024-05-16 09:34:45,548 [.NET ThreadPool Worker] INFO  Microsoft.AspNetCore.Hosting.Diagnostics - Request finished HTTP/2 GET https://localhost:5001/swagger/v1/swagger.json - - - 200 - application/json;charset=utf-8 372.9546ms
