2024-05-12 15:04:18,826 [1] INFO  Microsoft.AspNetCore.DataProtection.KeyManagement.XmlKeyManager - User profile is available. Using 'C:\Users\Admin\AppData\Local\ASP.NET\DataProtection-Keys' as key repository and Windows DPAPI to encrypt keys at rest.
2024-05-12 15:04:20,335 [.NET ThreadPool Worker] INFO  Microsoft.AspNetCore.Hosting.Diagnostics - Request starting HTTP/2 GET https://localhost:5001/swagger/index.html - -
2024-05-12 15:04:20,699 [19] INFO  Microsoft.AspNetCore.Hosting.Diagnostics - Request finished HTTP/2 GET https://localhost:5001/swagger/index.html - - - 200 - text/html;charset=utf-8 365.7569ms
2024-05-12 15:04:20,732 [.NET ThreadPool Worker] INFO  Microsoft.AspNetCore.Hosting.Diagnostics - Request starting HTTP/2 GET https://localhost:5001/_framework/aspnetcore-browser-refresh.js - -
2024-05-12 15:04:20,739 [.NET ThreadPool Worker] INFO  Microsoft.AspNetCore.Hosting.Diagnostics - Request starting HTTP/2 GET https://localhost:5001/_vs/browserLink - -
2024-05-12 15:04:20,752 [.NET ThreadPool Worker] INFO  Microsoft.AspNetCore.Hosting.Diagnostics - Request starting HTTP/2 GET https://localhost:5001/swagger/swagger-ui-standalone-preset.js - -
2024-05-12 15:04:20,756 [.NET ThreadPool Worker] INFO  Microsoft.AspNetCore.Hosting.Diagnostics - Request starting HTTP/2 GET https://localhost:5001/swagger/swagger-ui-bundle.js - -
2024-05-12 15:04:20,763 [.NET ThreadPool Worker] INFO  Microsoft.AspNetCore.Hosting.Diagnostics - Request finished HTTP/2 GET https://localhost:5001/_framework/aspnetcore-browser-refresh.js - - - 200 12346 application/javascript;+charset=utf-8 31.7522ms
2024-05-12 15:04:20,767 [.NET ThreadPool Worker] INFO  Microsoft.AspNetCore.Hosting.Diagnostics - Request starting HTTP/2 GET https://localhost:5001/_framework/aspnetcore-browser-refresh.js - -
2024-05-12 15:04:20,770 [.NET ThreadPool Worker] INFO  Microsoft.AspNetCore.Hosting.Diagnostics - Request finished HTTP/2 GET https://localhost:5001/_framework/aspnetcore-browser-refresh.js - - - 200 12346 application/javascript;+charset=utf-8 3.1289ms
2024-05-12 15:04:20,825 [20] INFO  Microsoft.AspNetCore.Hosting.Diagnostics - Request finished HTTP/2 GET https://localhost:5001/_vs/browserLink - - - 200 - text/javascript;+charset=UTF-8 85.4121ms
2024-05-12 15:04:20,832 [.NET ThreadPool Worker] INFO  Microsoft.AspNetCore.Hosting.Diagnostics - Request starting HTTP/2 GET https://localhost:5001/_vs/browserLink - -
2024-05-12 15:04:20,848 [.NET ThreadPool Worker] INFO  Microsoft.AspNetCore.Hosting.Diagnostics - Request finished HTTP/2 GET https://localhost:5001/_vs/browserLink - - - 200 - text/javascript;+charset=UTF-8 15.5488ms
2024-05-12 15:04:20,860 [.NET ThreadPool Worker] INFO  Microsoft.AspNetCore.StaticFiles.StaticFileMiddleware - Sending file. Request path: '/swagger-ui-standalone-preset.js'. Physical path: 'N/A'
2024-05-12 15:04:20,865 [.NET ThreadPool Worker] INFO  Microsoft.AspNetCore.Hosting.Diagnostics - Request finished HTTP/2 GET https://localhost:5001/swagger/swagger-ui-standalone-preset.js - - - 200 312163 application/javascript 118.9377ms
2024-05-12 15:04:20,943 [.NET ThreadPool Worker] INFO  Microsoft.AspNetCore.Hosting.Diagnostics - Request starting HTTP/2 GET https://localhost:5001/swagger/v1/swagger.json - -
2024-05-12 15:04:21,055 [.NET ThreadPool Worker] INFO  Microsoft.AspNetCore.Hosting.Diagnostics - Request finished HTTP/2 GET https://localhost:5001/swagger/v1/swagger.json - - - 200 - application/json;charset=utf-8 113.0651ms
2024-05-12 15:04:21,099 [.NET ThreadPool Worker] INFO  Microsoft.AspNetCore.StaticFiles.StaticFileMiddleware - Sending file. Request path: '/swagger-ui-bundle.js'. Physical path: 'N/A'
2024-05-12 15:04:21,102 [.NET ThreadPool Worker] INFO  Microsoft.AspNetCore.Hosting.Diagnostics - Request finished HTTP/2 GET https://localhost:5001/swagger/swagger-ui-bundle.js - - - 200 1061536 application/javascript 346.0469ms
2024-05-12 15:04:23,196 [.NET ThreadPool Worker] INFO  Microsoft.AspNetCore.Hosting.Diagnostics - Request starting HTTP/2 GET https://localhost:5001/service-worker.js - -
2024-05-12 15:04:24,098 [.NET ThreadPool Worker] INFO  Microsoft.AspNetCore.Hosting.Diagnostics - Request finished HTTP/2 GET https://localhost:5001/service-worker.js - - - 404 0 - 901.1007ms
2024-05-12 15:04:24,101 [.NET ThreadPool Worker] INFO  Microsoft.AspNetCore.Hosting.Diagnostics - Request starting HTTP/2 GET https://localhost:5001/service-worker.js - -
2024-05-12 15:04:24,104 [.NET ThreadPool Worker] INFO  Microsoft.AspNetCore.Hosting.Diagnostics - Request finished HTTP/2 GET https://localhost:5001/service-worker.js - - - 404 0 - 2.7239ms
2024-05-12 15:04:35,656 [.NET ThreadPool Worker] INFO  Microsoft.AspNetCore.Hosting.Diagnostics - Request starting HTTP/2 POST https://localhost:5001/v1/api/SP/Proc_Sanpham application/json-patch+json 22
2024-05-12 15:04:35,666 [.NET ThreadPool Worker] INFO  Microsoft.AspNetCore.Cors.Infrastructure.CorsService - CORS policy execution successful.
2024-05-12 15:04:36,250 [.NET ThreadPool Worker] INFO  Microsoft.AspNetCore.Routing.EndpointMiddleware - Executing endpoint 'API.API.Controllers.SPController.Post_Proc_Sanpham (API.API)'
2024-05-12 15:04:36,281 [.NET ThreadPool Worker] INFO  Microsoft.AspNetCore.Mvc.Infrastructure.ControllerActionInvoker - Route matched with {action = "Post_Proc_Sanpham", controller = "SP"}. Executing controller action with signature Microsoft.AspNetCore.Mvc.ActionResult Post_Proc_Sanpham(API.Model.Proc_SanphamInputModel) on controller API.API.Controllers.SPController (API.API).
2024-05-12 15:04:38,121 [.NET ThreadPool Worker] INFO  Microsoft.AspNetCore.Mvc.Infrastructure.ControllerActionInvoker - Executing action method API.API.Controllers.SPController.Post_Proc_Sanpham (API.API) - Validation state: Valid
2024-05-12 15:04:38,239 [.NET ThreadPool Worker] INFO  Microsoft.AspNetCore.Mvc.Infrastructure.ControllerActionInvoker - Executed action method API.API.Controllers.SPController.Post_Proc_Sanpham (API.API), returned result Microsoft.AspNetCore.Mvc.OkObjectResult in 105.5305ms.
2024-05-12 15:04:38,247 [.NET ThreadPool Worker] INFO  Microsoft.AspNetCore.Mvc.Infrastructure.ObjectResultExecutor - Executing OkObjectResult, writing value of type 'API.Utility.APIResponse'.
2024-05-12 15:04:38,342 [.NET ThreadPool Worker] INFO  Microsoft.AspNetCore.Mvc.Infrastructure.ControllerActionInvoker - Executed action API.API.Controllers.SPController.Post_Proc_Sanpham (API.API) in 2050.0105ms
2024-05-12 15:04:38,346 [.NET ThreadPool Worker] INFO  Microsoft.AspNetCore.Routing.EndpointMiddleware - Executed endpoint 'API.API.Controllers.SPController.Post_Proc_Sanpham (API.API)'
2024-05-12 15:04:38,360 [.NET ThreadPool Worker] INFO  Microsoft.AspNetCore.Hosting.Diagnostics - Request finished HTTP/2 POST https://localhost:5001/v1/api/SP/Proc_Sanpham application/json-patch+json 22 - 200 32054 application/json;+charset=utf-8 2702.5559ms
2024-05-12 15:04:49,619 [.NET ThreadPool Worker] INFO  Microsoft.AspNetCore.Hosting.Diagnostics - Request starting HTTP/1.1 POST https://localhost:5001/v1/api/SP/Proc_Sanpham application/json;+charset=utf-8 17
2024-05-12 15:04:49,624 [.NET ThreadPool Worker] INFO  Microsoft.AspNetCore.Routing.EndpointMiddleware - Executing endpoint 'API.API.Controllers.SPController.Post_Proc_Sanpham (API.API)'
2024-05-12 15:04:49,627 [.NET ThreadPool Worker] INFO  Microsoft.AspNetCore.Mvc.Infrastructure.ControllerActionInvoker - Route matched with {action = "Post_Proc_Sanpham", controller = "SP"}. Executing controller action with signature Microsoft.AspNetCore.Mvc.ActionResult Post_Proc_Sanpham(API.Model.Proc_SanphamInputModel) on controller API.API.Controllers.SPController (API.API).
2024-05-12 15:04:49,684 [.NET ThreadPool Worker] INFO  Microsoft.AspNetCore.Mvc.Infrastructure.ControllerActionInvoker - Executing action method API.API.Controllers.SPController.Post_Proc_Sanpham (API.API) - Validation state: Valid
2024-05-12 15:04:49,730 [.NET ThreadPool Worker] INFO  Microsoft.AspNetCore.Mvc.Infrastructure.ControllerActionInvoker - Executed action method API.API.Controllers.SPController.Post_Proc_Sanpham (API.API), returned result Microsoft.AspNetCore.Mvc.ObjectResult in 43.8646ms.
2024-05-12 15:04:49,733 [.NET ThreadPool Worker] INFO  Microsoft.AspNetCore.Mvc.Infrastructure.ObjectResultExecutor - Executing ObjectResult, writing value of type 'API.Utility.APIResponse'.
2024-05-12 15:04:49,735 [.NET ThreadPool Worker] INFO  Microsoft.AspNetCore.Mvc.Infrastructure.ControllerActionInvoker - Executed action API.API.Controllers.SPController.Post_Proc_Sanpham (API.API) in 105.9217ms
2024-05-12 15:04:49,738 [.NET ThreadPool Worker] INFO  Microsoft.AspNetCore.Routing.EndpointMiddleware - Executed endpoint 'API.API.Controllers.SPController.Post_Proc_Sanpham (API.API)'
2024-05-12 15:04:49,742 [.NET ThreadPool Worker] INFO  Microsoft.AspNetCore.Hosting.Diagnostics - Request finished HTTP/1.1 POST https://localhost:5001/v1/api/SP/Proc_Sanpham application/json;+charset=utf-8 17 - 500 133 application/json;+charset=utf-8 122.2522ms
2024-05-12 15:04:51,355 [.NET ThreadPool Worker] INFO  Microsoft.AspNetCore.Hosting.Diagnostics - Request starting HTTP/2 GET https://localhost:5001/service-worker.js - -
2024-05-12 15:04:51,359 [.NET ThreadPool Worker] INFO  Microsoft.AspNetCore.Hosting.Diagnostics - Request finished HTTP/2 GET https://localhost:5001/service-worker.js - - - 404 0 - 5.3725ms
2024-05-12 15:04:51,363 [.NET ThreadPool Worker] INFO  Microsoft.AspNetCore.Hosting.Diagnostics - Request starting HTTP/2 GET https://localhost:5001/service-worker.js - -
2024-05-12 15:04:51,366 [.NET ThreadPool Worker] INFO  Microsoft.AspNetCore.Hosting.Diagnostics - Request finished HTTP/2 GET https://localhost:5001/service-worker.js - - - 404 0 - 2.6136ms
