2024-05-26 20:45:19,092 [.NET ThreadPool Worker] INFO  Microsoft.AspNetCore.Hosting.Diagnostics - Request starting HTTP/1.1 POST https://localhost:5001/v1/api/SP/Proc_Sanpham application/json;+charset=utf-8 17
2024-05-26 20:45:19,150 [.NET ThreadPool Worker] INFO  Microsoft.AspNetCore.Authentication.JwtBearer.JwtBearerHandler - Failed to validate the token.
Microsoft.IdentityModel.Tokens.SecurityTokenExpiredException: IDX10223: Lifetime validation failed. The token is expired. ValidTo: '5/26/2024 8:22:09 AM', Current time: '5/26/2024 1:45:19 PM'.
   at Microsoft.IdentityModel.Tokens.Validators.ValidateLifetime(Nullable`1 notBefore, Nullable`1 expires, SecurityToken securityToken, TokenValidationParameters validationParameters)
   at System.IdentityModel.Tokens.Jwt.JwtSecurityTokenHandler.ValidateTokenPayload(JwtSecurityToken jwtToken, TokenValidationParameters validationParameters, BaseConfiguration configuration)
   at System.IdentityModel.Tokens.Jwt.JwtSecurityTokenHandler.ValidateJWS(String token, TokenValidationParameters validationParameters, BaseConfiguration currentConfiguration, SecurityToken& signatureValidatedToken, ExceptionDispatchInfo& exceptionThrown)
--- End of stack trace from previous location ---
   at System.IdentityModel.Tokens.Jwt.JwtSecurityTokenHandler.ValidateToken(String token, JwtSecurityToken outerToken, TokenValidationParameters validationParameters, SecurityToken& signatureValidatedToken)
   at System.IdentityModel.Tokens.Jwt.JwtSecurityTokenHandler.ValidateToken(String token, TokenValidationParameters validationParameters, SecurityToken& validatedToken)
   at Microsoft.AspNetCore.Authentication.JwtBearer.JwtBearerHandler.HandleAuthenticateAsync()
2024-05-26 20:45:19,171 [.NET ThreadPool Worker] INFO  Microsoft.AspNetCore.Authentication.JwtBearer.JwtBearerHandler - Bearer was not authenticated. Failure message: IDX10223: Lifetime validation failed. The token is expired. ValidTo: '5/26/2024 8:22:09 AM', Current time: '5/26/2024 1:45:19 PM'.
2024-05-26 20:45:19,203 [.NET ThreadPool Worker] INFO  Microsoft.AspNetCore.Authorization.DefaultAuthorizationService - Authorization failed. These requirements were not met:
DenyAnonymousAuthorizationRequirement: Requires an authenticated user.
2024-05-26 20:45:19,219 [.NET ThreadPool Worker] INFO  Microsoft.AspNetCore.Authentication.JwtBearer.JwtBearerHandler - AuthenticationScheme: Bearer was challenged.
2024-05-26 20:45:19,235 [.NET ThreadPool Worker] INFO  Microsoft.AspNetCore.Hosting.Diagnostics - Request finished HTTP/1.1 POST https://localhost:5001/v1/api/SP/Proc_Sanpham application/json;+charset=utf-8 17 - 401 0 - 136.9447ms
2024-05-26 20:45:19,251 [.NET ThreadPool Worker] INFO  Microsoft.AspNetCore.Server.Kestrel - Connection id "0HN3TH72I67HK", Request id "0HN3TH72I67HK:00000002": the application completed without reading the entire request body.
2024-05-26 20:45:19,429 [.NET ThreadPool Worker] INFO  Microsoft.AspNetCore.Hosting.Diagnostics - Request starting HTTP/1.1 POST https://localhost:5001/v1/api/SP/Proc_Sanpham application/json;+charset=utf-8 17
2024-05-26 20:45:19,456 [.NET ThreadPool Worker] INFO  Microsoft.AspNetCore.Authentication.JwtBearer.JwtBearerHandler - Failed to validate the token.
Microsoft.IdentityModel.Tokens.SecurityTokenExpiredException: IDX10223: Lifetime validation failed. The token is expired. ValidTo: '5/26/2024 8:22:09 AM', Current time: '5/26/2024 1:45:19 PM'.
   at Microsoft.IdentityModel.Tokens.Validators.ValidateLifetime(Nullable`1 notBefore, Nullable`1 expires, SecurityToken securityToken, TokenValidationParameters validationParameters)
   at System.IdentityModel.Tokens.Jwt.JwtSecurityTokenHandler.ValidateTokenPayload(JwtSecurityToken jwtToken, TokenValidationParameters validationParameters, BaseConfiguration configuration)
   at System.IdentityModel.Tokens.Jwt.JwtSecurityTokenHandler.ValidateJWS(String token, TokenValidationParameters validationParameters, BaseConfiguration currentConfiguration, SecurityToken& signatureValidatedToken, ExceptionDispatchInfo& exceptionThrown)
--- End of stack trace from previous location ---
   at System.IdentityModel.Tokens.Jwt.JwtSecurityTokenHandler.ValidateToken(String token, JwtSecurityToken outerToken, TokenValidationParameters validationParameters, SecurityToken& signatureValidatedToken)
   at System.IdentityModel.Tokens.Jwt.JwtSecurityTokenHandler.ValidateToken(String token, TokenValidationParameters validationParameters, SecurityToken& validatedToken)
   at Microsoft.AspNetCore.Authentication.JwtBearer.JwtBearerHandler.HandleAuthenticateAsync()
2024-05-26 20:45:19,510 [.NET ThreadPool Worker] INFO  Microsoft.AspNetCore.Authentication.JwtBearer.JwtBearerHandler - Bearer was not authenticated. Failure message: IDX10223: Lifetime validation failed. The token is expired. ValidTo: '5/26/2024 8:22:09 AM', Current time: '5/26/2024 1:45:19 PM'.
2024-05-26 20:45:19,525 [.NET ThreadPool Worker] INFO  Microsoft.AspNetCore.Authorization.DefaultAuthorizationService - Authorization failed. These requirements were not met:
DenyAnonymousAuthorizationRequirement: Requires an authenticated user.
2024-05-26 20:45:19,538 [.NET ThreadPool Worker] INFO  Microsoft.AspNetCore.Authentication.JwtBearer.JwtBearerHandler - AuthenticationScheme: Bearer was challenged.
2024-05-26 20:45:19,548 [.NET ThreadPool Worker] INFO  Microsoft.AspNetCore.Hosting.Diagnostics - Request finished HTTP/1.1 POST https://localhost:5001/v1/api/SP/Proc_Sanpham application/json;+charset=utf-8 17 - 401 0 - 122.9806ms
2024-05-26 20:45:19,557 [.NET ThreadPool Worker] INFO  Microsoft.AspNetCore.Server.Kestrel - Connection id "0HN3TH72I67HL", Request id "0HN3TH72I67HL:00000002": the application completed without reading the entire request body.
