2024-05-16 18:45:00,255 [.NET ThreadPool Worker] INFO  Microsoft.AspNetCore.Hosting.Diagnostics - Request starting HTTP/1.1 POST https://localhost:5001/v1/api/SP/Proc_ShopingCart application/json;+charset=utf-8 86
2024-05-16 18:45:00,276 [.NET ThreadPool Worker] INFO  Microsoft.AspNetCore.Routing.EndpointMiddleware - Executing endpoint 'API.API.Controllers.SPController.Post_Sp_ShopingCart (API.API)'
2024-05-16 18:45:00,290 [.NET ThreadPool Worker] INFO  Microsoft.AspNetCore.Mvc.Infrastructure.ControllerActionInvoker - Route matched with {action = "Post_Sp_ShopingCart", controller = "SP"}. Executing controller action with signature Microsoft.AspNetCore.Mvc.ActionResult Post_Sp_ShopingCart(API.Model.Sp_ShopingCartInputModel) on controller API.API.Controllers.SPController (API.API).
2024-05-16 18:45:00,346 [.NET ThreadPool Worker] INFO  Microsoft.AspNetCore.Mvc.Infrastructure.ObjectResultExecutor - Executing OkObjectResult, writing value of type 'API.Utility.APIResponse'.
2024-05-16 18:45:00,351 [.NET ThreadPool Worker] INFO  Microsoft.AspNetCore.Mvc.Infrastructure.ControllerActionInvoker - Executed action API.API.Controllers.SPController.Post_Sp_ShopingCart (API.API) in 56.5729ms
2024-05-16 18:45:00,358 [.NET ThreadPool Worker] INFO  Microsoft.AspNetCore.Routing.EndpointMiddleware - Executed endpoint 'API.API.Controllers.SPController.Post_Sp_ShopingCart (API.API)'
2024-05-16 18:45:00,365 [.NET ThreadPool Worker] INFO  Microsoft.AspNetCore.Hosting.Diagnostics - Request finished HTTP/1.1 POST https://localhost:5001/v1/api/SP/Proc_ShopingCart application/json;+charset=utf-8 86 - 200 63 application/json;+charset=utf-8 115.7551ms
2024-05-16 18:45:00,369 [.NET ThreadPool Worker] INFO  Microsoft.AspNetCore.Hosting.Diagnostics - Request starting HTTP/1.1 POST https://localhost:5001/v1/api/SP/Proc_ShopingCart application/json;+charset=utf-8 82
2024-05-16 18:45:00,374 [.NET ThreadPool Worker] INFO  Microsoft.AspNetCore.Routing.EndpointMiddleware - Executing endpoint 'API.API.Controllers.SPController.Post_Sp_ShopingCart (API.API)'
2024-05-16 18:45:00,380 [.NET ThreadPool Worker] INFO  Microsoft.AspNetCore.Mvc.Infrastructure.ControllerActionInvoker - Route matched with {action = "Post_Sp_ShopingCart", controller = "SP"}. Executing controller action with signature Microsoft.AspNetCore.Mvc.ActionResult Post_Sp_ShopingCart(API.Model.Sp_ShopingCartInputModel) on controller API.API.Controllers.SPController (API.API).
2024-05-16 18:45:00,392 [.NET ThreadPool Worker] INFO  Microsoft.AspNetCore.Mvc.Infrastructure.ObjectResultExecutor - Executing OkObjectResult, writing value of type 'API.Utility.APIResponse'.
2024-05-16 18:45:00,407 [.NET ThreadPool Worker] INFO  Microsoft.AspNetCore.Mvc.Infrastructure.ControllerActionInvoker - Executed action API.API.Controllers.SPController.Post_Sp_ShopingCart (API.API) in 18.7048ms
2024-05-16 18:45:00,415 [.NET ThreadPool Worker] INFO  Microsoft.AspNetCore.Routing.EndpointMiddleware - Executed endpoint 'API.API.Controllers.SPController.Post_Sp_ShopingCart (API.API)'
2024-05-16 18:45:00,420 [.NET ThreadPool Worker] INFO  Microsoft.AspNetCore.Hosting.Diagnostics - Request finished HTTP/1.1 POST https://localhost:5001/v1/api/SP/Proc_ShopingCart application/json;+charset=utf-8 82 - 200 63 application/json;+charset=utf-8 51.3882ms
2024-05-16 18:45:00,425 [.NET ThreadPool Worker] INFO  Microsoft.AspNetCore.Hosting.Diagnostics - Request starting HTTP/1.1 POST https://localhost:5001/v1/api/SP/Proc_ShopingCart application/json;+charset=utf-8 86
2024-05-16 18:45:00,434 [.NET ThreadPool Worker] INFO  Microsoft.AspNetCore.Routing.EndpointMiddleware - Executing endpoint 'API.API.Controllers.SPController.Post_Sp_ShopingCart (API.API)'
2024-05-16 18:45:00,440 [.NET ThreadPool Worker] INFO  Microsoft.AspNetCore.Mvc.Infrastructure.ControllerActionInvoker - Route matched with {action = "Post_Sp_ShopingCart", controller = "SP"}. Executing controller action with signature Microsoft.AspNetCore.Mvc.ActionResult Post_Sp_ShopingCart(API.Model.Sp_ShopingCartInputModel) on controller API.API.Controllers.SPController (API.API).
2024-05-16 18:45:00,470 [.NET ThreadPool Worker] INFO  Microsoft.AspNetCore.Mvc.Infrastructure.ObjectResultExecutor - Executing OkObjectResult, writing value of type 'API.Utility.APIResponse'.
2024-05-16 18:45:00,477 [.NET ThreadPool Worker] INFO  Microsoft.AspNetCore.Mvc.Infrastructure.ControllerActionInvoker - Executed action API.API.Controllers.SPController.Post_Sp_ShopingCart (API.API) in 31.2302ms
2024-05-16 18:45:00,487 [.NET ThreadPool Worker] INFO  Microsoft.AspNetCore.Routing.EndpointMiddleware - Executed endpoint 'API.API.Controllers.SPController.Post_Sp_ShopingCart (API.API)'
2024-05-16 18:45:00,492 [.NET ThreadPool Worker] INFO  Microsoft.AspNetCore.Hosting.Diagnostics - Request finished HTTP/1.1 POST https://localhost:5001/v1/api/SP/Proc_ShopingCart application/json;+charset=utf-8 86 - 200 63 application/json;+charset=utf-8 67.4012ms
